DCLXXVIII,678
xCii,92
1976,MCMLXXVI
1963,MCMLXIII
MMDCLXXVII,2677
846,DCCCXLVI
1343,MCCCXLIII
MCMXXXIII,1933
1201,MCCI
1571,MDLXXI
2447,MMCDXLVII
118,CXVIII
1158,MCLVIII
CCXIV,214
2346,MMCCCXLVI
MDCXI,1611
1506,MDVI
1137,MCXXXVII
720,DCCXX
2587,MMDLXXXVII
MMDLXXII,2572
MDCCIII,1703
MMCLXXIV,2174
2073,MMLXXIII
2263,MMCCLXIII
1152,MCLII
1021,MXXI
1891,MDCCCXCI
DCCCXCI,891
MXXXIX,1039
DCLXXIX,679
1900,MCM
CDIII,403
MMDCCXXXIV,2734
MLXX,1070
MDCCXLIII,1743
MMCDXC,2490
MCMLXXXV,1985
2430,MMCDXXX
1416,MCDXVI
1747,MDCCXLVII
2232,MMCCXXXII
2735,MMDCCXXXV
MMDCLXXIX,2679
66,LXVI
2585,MMDLXXXV
MCCCLXIV,1364
194,CXCIV
MDCXXXV,1635
DXXIII,523
MMCCLXXXVIII,2288
MDCCVIII,1708
1035,MXXXV
793,DCCXCIII
MDCCLXIV,1764
2790,MMDCCXC
521,DXXI
2552,MMDLII
1310,MCCCX
MMXXXV,2035
DCLXXI,671
1390,MCCCXC
MDCCLXIII,1763
1044,MXLIV
CCCLXVIII,368
DCXLVIII,648
2023,MMXXIII
MMCXXXIII,2133
870,DCCCLXX
1732,MDCCXXXII
387,CCCLXXXVII
CMLXXVII,977
2148,MMCXLVIII
CXLIII,143
MMDCXIV,2614
987,CMLXXXVII
2446,MMCDXLVI
MMCXLIV,2144
MDXXX,1530
MCCLIV,1254
879,DCCCLXXIX
MCCXX,1220
MMCDXIX,2419
DXCI,591
DCCXLV,745
2395,MMCCCXCV
352,CCCLII
MDCCCXXXV,1835
DCXIX,619
MDCCCLXXII,1872
297,CCXCVII
1837,MDCCCXXXVII
2316,MMCCCXVI
MMCCLXIII,2263
2024,MMXXIV
223,CCXXIII
939,CMXXXIX
114,CXIV
326,CCCXXVI
1081,MLXXXI
DIX,509
MCDX,1410
2457,MMCDLVII
MDCCCLXI,1861
1227,MCCXXVII
DCLXXIII,673
445,CDXLV
143,CXLIII
CXXXIV,134
MDLXXXII,1582
MMDCCCLIV,2854
MMCMLXXVIII,2978
MDCCXLIV,1744
MMCXXVIII,2128
176,CLXXVI
MMDCCCL,2850
216,CCXVI
MMLVIII,2058
37,XXXVII
2780,MMDCCLXXX
2565,MMDLXV
DLX,560
967,CMLXVII
2595,MMDXCV
499,CDXCIX
MXCVII,1097
1557,MDLVII
57,LVII
546,DXLVI
2121,MMCXXI
2154,MMCLIV
x 324#23# 4,ERROR
63,LXIII
MDXXXIII,1533
2514,MMDXIV
MMCCLIII,2253
1471,MCDLXXI
CMXXXIV,934
826,DCCCXXVI
1702,MDCCII
2361,MMCCCLXI
MDCCXXIX,1729
CLXII,162
989,CMLXXXIX
MMCMXCIV,2994
MDCXXXI,1631
MMDCCLXXVII,2777
 lD,450
2821,MMDCCCXXI
MCCCXVI,1316
1804,MDCCCIV
712,DCCXII
1364,MCCCLXIV
L,50
2969,MMCMLXIX
MMCMXLII,2942
1204,MCCIV
MDLXII,1562
1768,MDCCLXVIII
MDCCCXVII,1817
2516,MMDXVI
MCDVI,1406
1163,MCLXIII
MCCXXVI,1226
MMCDX,2410
MDCLX,1660
985,CMLXXXV
CXXV,125
MMCXCVI,2196
2688,MMDCLXXXVIII
CMLXXXVI,986
959,CMLIX
1689,MDCLXXXIX
MCXXXIV,1134
2115,MMCXV
514,DXIV
MDCCXCVII,1797
MMDCCCXXVII,2827
1325,MCCCXXV
MCCCXI,1311
CDXLIX,449
MCCCXVIII,1318
862,DCCCLXII
905,CMV
MDCCCLXXX,1880
1500,MD
DCCXVII,717
119,CXIX
615,DCXV
CXV,115
CCCXXXII,332
MDCCLXXI,1771
1497,MCDXCVII
1254,MCCLIV
MDCCCXCVI,1896
1345,MCCCXLV
MX,1010
MDCCCXXIV,1824
2645,MMDCXLV
DCCCXXI,821
MCLXXXIX,1189
MCM,1900
762,DCCLXII
2416,MMCDXVI
1480,MCDLXXX
1899,MDCCCXCIX
DCLXIX,669
DCCCLXVII,867
MMCMLVI,2956
1075,MLXXV
198,CXCVIII
1413,MCDXIII
MDXX,1520
52,LII
896,DCCCXCVI
MDCCXXXVII,1737
753,DCCLIII
1176,MCLXXVI
713,DCCXIII
2621,MMDCXXI
LII,52
MCCCIII,1303
2013,MMXIII
MMCXIV,2114
2795,MMDCCXCV
2440,MMCDXL
981,CMLXXXI
2757,MMDCCLVII
MDCXVIII,1618
MCDXXXI,1431
CLXI,161
2680,MMDCLXXX
CCLXXVI,276
618,DCXVIII
1193,MCXCIII
MCXXXIII,1133
MMCMLI,2951
MDCCCXCIX,1899
DCCCXXXVII,837
DCCLXXIII,773
MMCMXV,2915
CDLXXX,480
MMDXX,2520
224,CCXXIV
MMCCLXIV,2264
1446,MCDXLVI
342,CCCXLII
966,CMLXVI
1358,MCCCLVIII
DX,510
276,CCLXXVI
DCCXCIII,793
1873,MDCCCLXXIII
CMXXVIII,928
2654,MMDCLIV
2437,MMCDXXXVII
MMCMI,2901
CCLXXX,280
1350,MCCCL
MMDIX,2509
2183,MMCLXXXIII
217,CCXVII
DXXXIV,534
836,DCCCXXXVI
2016,MMXVI
CMLXXVI,976
587,DLXXXVII
MVI,1006
2808,MMDCCCVIII
2534,MMDXXXIV
DCLXXXVII,687
MMCDLXXVII,2477
1531,MDXXXI
CCLXXXVIII,288
1445,MCDXLV
619,DCXIX
MMCDXXVI,2426
MCDVII,1407
2609,MMDCIX
379,CCCLXXIX
221,CCXXI
1715,MDCCXV
175,CLXXV
MCDXLI,1441
2570,MMDLXX
915,CMXV
MMCMLXII,2962
2066,MMLXVI
2827,MMDCCCXXVII
465,CDLXV
452,CDLII
MMCDLXXXIII,2483
2904,MMCMIV
1751,MDCCLI
MMDCCXXI,2721
MMDCX,2610
1186,MCLXXXVI
MMDCCCLXXXIII,2883
931,CMXXXI
711,DCCXI
739,DCCXXXIX
2786,MMDCCLXXXVI
MCD,1400
MMXL,2040
1547,MDXLVII
29,XXIX
1300,MCCC
598,DXCVIII
MMDCIX,2609
1223,MCCXXIII
MCLII,1152
DXLV,545
2508,MMDVIII
MCCLXXXIV,1284
1340,MCCCXL
1142,MCXLII
2750,MMDCCL
919,CMXIX
CCXVII,217
MDCXXXVIII,1638
DXXXIII,533
471,CDLXXI
MCDLXIII,1463
CXXXII,132
MCLXXI,1171
2442,MMCDXLII
MDCCLXX,1770
DCXXVII,627
DCII,602
MDCCCLXXXIX,1889
2671,MMDCLXXI
1836,MDCCCXXXVI
DCCXXVIII,728
MCCCXLI,1341
656,DCLVI
DCXIV,614
MMDCCCXXXVI,2836
2712,MMDCCXII
DCCCXLIX,849
2253,MMCCLIII
1382,MCCCLXXXII
2377,MMCCCLXXVII
2477,MMCDLXXVII
2543,MMDXLIII
MMLXXXVII,2087
154,CLIV
DXXXVI,536
62,LXII
2976,MMCMLXXVI
2925,MMCMXXV
MCCCLXXXVI,1386
x 324#23# 4,ERROR
140,CXL
CCCXXI,321
MCVIII,1108
1408,MCDVIII
MDCV,1605
MCCLII,1252
41,XLI
MDCCCLXX,1870
MMCLXXXIV,2184
CMLXII,962
MCLXII,1162
DLXXV,575
31,XXXI
1015,MXV
2721,MMDCCXXI
MMLIX,2059
MDCCXCI,1791
1556,MDLVI
851,DCCCLI
2464,MMCDLXIV
MMDXXII,2522
DCCCXXXVIII,838
2268,MMCCLXVIII
2193,MMCXCIII
316,CCCXVI
MDLXXVIII,1578
MMLXXIV,2074
2905,MMCMV
MMCCCIX,2309
1490,MCDXC
252,CCLII
MMDCCCXCVIII,2898
MDCXCV,1695
1916,MCMXVI
2554,MMDLIV
MMDVIII,2508
2004,MMIV
2839,MMDCCCXXXIX
MMDCCCLXXVI,2876
MMCXXVII,2127
MCLXXXIII,1183
CDLXXI,471
DCC,700
MMCCCX,2310
745,DCCXLV
2992,MMCMXCII
876,DCCCLXXVI
1612,MDCXII
2175,MMCLXXV
MMCX,2110
MMCMLXXXIII,2983
MXXIV,1024
749,DCCXLIX
956,CMLVI
1616,MDCXVI
MDCCCXIII,1813
MMDCXXX,2630
1437,MCDXXXVII
MDXVI,1516
2237,MMCCXXXVII
346,CCCXLVI
886,DCCCLXXXVI
2533,MMDXXXIII
MDXLI,1541
MMCCCLV,2355
MMCMXLVIII,2948
MDCCXLI,1741
DXI,511
DCCLXXXII,782
MCCCXXI,1321
443,CDXLIII
2876,MMDCCCLXXVI
27,XXVII
2174,MMCLXXIV
622,DCXXII
MCDXCVI,1496
DCCI,701
2433,MMCDXXXIII
XLVII,47
522,DXXII
2717,MMDCCXVII
MMDCCXCII,2792
iiYH88HH       I,ERROR
MMC,2100
2172,MMCLXXII
CCCXLVII,347
MMCMXXXVII,2937
MMCDXXII,2422
171,CLXXI
MDCXIV,1614
MXCII,1092
MDCCXXXII,1732
2651,MMDCLI
2973,MMCMLXXIII
MMDCCLXXI,2771
MMDCCCIV,2804
1933,MCMXXXIII
MMCMXCI,2991
1455,MCDLV
DCXXXI,631
279,CCLXXIX
548,DXLVIII
2216,MMCCXVI
MDXXXVIII,1538
2469,MMCDLXIX
1513,MDXIII
1729,MDCCXXIX
CLXXX,180
CCXCI,291
2787,MMDCCLXXXVII
335,CCCXXXV
MMDCCXLI,2741
MCLX,1160
MCCVIII,1208
MDXCVI,1596
MDCCLXVI,1766
1952,MCMLII
MCCLXXII,1272
MMCMXXXIV,2934
2471,MMCDLXXI
CCLXXIII,273
ML,1050
MDCCCLVII,1857
MMDCXLII,2642
MCMXV,1915
MMDCCLXXV,2775
MMCDXXVIII,2428
1474,MCDLXXIV
2494,MMCDXCIV
2219,MMCCXIX
MDCCCLXXV,1875
384,CCCLXXXIV
1263,MCCLXIII
MMDCCLIII,2753
1832,MDCCCXXXII
DCCL,750
MMCCXLVIII,2248
763,DCCLXIII
2877,MMDCCCLXXVII
XVII,17
CIII,103
MMCCCLXVII,2367
DXXV,525
2880,MMDCCCLXXX
MMCDLXXVI,2476
DL,550
408,CDVIII
MMLXXVIII,2078
LXIII,63
103,CIII
MLVII,1057
1850,MDCCCL
1600,MDC
MMXCVII,2097
2038,MMXXXVIII
MDCXXIV,1624
1858,MDCCCLVIII
MDCCCIII,1803
2144,MMCXLIV
2991,MMCMXCI
1996,MCMXCVI
MMCDXLVI,2446
MCLXV,1165
DCCCIV,804
538,DXXXVIII
CCCXXXIV,334
2995,MMCMXCV
MMCCXV,2215
731,DCCXXXI
MMCCXXVII,2227
MMDCCIII,2703
2504,MMDIV
DCCCLIV,854
MDXLVI,1546
513,DXIII
2842,MMDCCCXLII
CMXXXVIII,938
946,CMXLVI
2705,MMDCCV
2559,MMDLIX
684,DCLXXXIV
2231,MMCCXXXI
MMDCCXXIII,2723
2142,MMCXLII
CDLXXXV,485
1613,MDCXIII
2294,MMCCXCIV
DCLVII,657
1493,MCDXCIII
2929,MMCMXXIX
MMDCXCVIII,2698
2091,MMXCI
2065,MMLXV
1973,MCMLXXIII
MCDXCIX,1499
MCX,1110
1839,MDCCCXXXIX
50,L
MMDCCXC,2790
2184,MMCLXXXIV
CCXXX,230
1123,MCXXIII
MDCCXCIII,1793
MMCCCVII,2307
2515,MMDXV
MMCLXXXVIII,2188
1270,MCCLXX
MDXI,1511
317,CCCXVII
MCCXCI,1291
MMDCCCXCVII,2897
MMXC,2090
273,CCLXXIII
1166,MCLXVI
179,CLXXIX
456,CDLVI
2254,MMCCLIV
2924,MMCMXXIV
CCLXXXVI,286
2233,MMCCXXXIII
MCCXXXVIII,1238
MMDXC,2590
2218,MMCCXVIII
569,DLXIX
MCLXXXIV,1184
2612,MMDCXII
1529,MDXXIX
986,CMLXXXVI
MCDL,1450
1124,MCXXIV
133,CXXXIII
MMDCXXXVII,2637
231,CCXXXI
MMCDXLI,2441
482,CDLXXXII
1507,MDVII
2843,MMDCCCXLIII
893,DCCCXCIII
XXVI,26
MMXLVII,2047
  ;#'[]'#./,ERROR
MLXIII,1063
142,CXLII
DCCXII,712
1339,MCCCXXXIX
2817,MMDCCCXVII
DCCVII,707
805,DCCCV
565,DLXV
DCCCLXXI,871
353,CCCLIII
MMDXLIX,2549
MMCCXCI,2291
MDCCIX,1709
MMDXXXI,2531
516,DXVI
2272,MMCCLXXII
1718,MDCCXVIII
1988,MCMLXXXVIII
1086,MLXXXVI
2060,MMLX
MMDCCLII,2752
1611,MDCXI
501,DI
2532,MMDXXXII
1740,MDCCXL
MMCCCXXXI,2331
CCXI,211
CCLXI,261
423,CDXXIII
1871,MDCCCLXXI
59,LIX
1127,MCXXVII
CLXXI,171
901,CMI
837,DCCCXXXVII
1275,MCCLXXV
788,DCCLXXXVIII
659,DCLIX
MI,1001
MDCCCXXVIII,1828
2153,MMCLIII
2551,MMDLI
MMXXXII,2032
CMXXI,921
CCLXVIII,268
695,DCXCV
2321,MMCCCXXI
1918,MCMXVIII
MMCCXL,2240
MDCLXVIII,1668
DLXVII,567
MMDCXIII,2613
1293,MCCXCIII
MDLXX,1570
CMLI,951
2282,MMCCLXXXII
DCLXXII,672
372,CCCLXXII
MDCXX,1620
MCDVIII,1408
MMDLXXXIX,2589
DCXLII,642
DCCLXIV,764
CDLXXXIV,484
viiii,9
718,DCCXVIII
2666,MMDCLXVI
609,DCIX
MMCCCXXIV,2324
MMDXI,2511
MMII,2002
DCCXCI,791
MDCXLVI,1646
489,CDLXXXIX
CMLXI,961
MMDCLII,2652
469,CDLXIX
MXL,1040
MMCCCLI,2351
LXXXVIII,88
DCCCLXXVII,877
1202,MCCII
CDXXIX,429
1675,MDCLXXV
MDCCCLXXXVI,1886
2105,MMCV
266,CCLXVI
DCCLV,755
2338,MMCCCXXXVIII
1638,MDCXXXVIII
MCCLXXIV,1274
1720,MDCCXX
CXXVI,126
MCMLIII,1953
1318,MCCCXVIII
882,DCCCLXXXII
MMDCLXXV,2675
MMCCXXII,2222
MMCCCLXXIII,2373
MMDXCIX,2599
MMXXIX,2029
218,CCXVIII
1483,MCDLXXXIII
1393,MCCCXCIII
842,DCCCXLII
495,CDXCV
MMCCXXXIV,2234
MMCCLXV,2265
DCCCX,810
MCXXVII,1127
2667,MMDCLXVII
MCCCXXXII,1332
MCDXCIV,1494
547,DXLVII
47,XLVII
1469,MCDLXIX
2933,MMCMXXXIII
MMXXXIX,2039
1524,MDXXIV
CXLII,142
MDCLXVI,1666
MMDLVII,2557
2495,MMCDXCV
106,CVI
2731,MMDCCXXXI
2700,MMDCC
MMCCVI,2206
2862,MMDCCCLXII
MCXXIX,1129
1171,MCLXXI
1296,MCCXCVI
754,DCCLIV
DCCCLXXXVII,887
1939,MCMXXXIX
MMCMXIII,2913
MMDCCVI,2706
2281,MMCCLXXXI
-1,ERROR
652,DCLII
MMDCXXVIII,2628
1906,MCMVI
1803,MDCCCIII
302,CCCII
2522,MMDXXII
DCCLXXVII,777
2084,MMLXXXIV
MCC,1200
2444,MMCDXLIV
MCMXCVIII,1998
DCXCVII,697
1759,MDCCLIX
2791,MMDCCXCI
155,CLV
1436,MCDXXXVI
1001,MI
2564,MMDLXIV
1849,MDCCCXLIX
1960,MCMLX
MXLI,1041
2588,MMDLXXXVIII
MCMLXXIX,1979
MXXVII,1027
2582,MMDLXXXII
527,DXXVII
2897,MMDCCCXCVII
MLXIX,1069
LXI,61
MDCXII,1612
DCCXXIII,723
MMCMXXXVIII,2938
2707,MMDCCVII
MMDLIII,2553
1006,MVI
MMDCXCVI,2696
MMCCXLII,2242
MCDLII,1452
2872,MMDCCCLXXII
681,DCLXXXI
1126,MCXXVI
MMCDXCI,2491
2094,MMXCIV
2826,MMDCCCXXVI
DCCCLXV,865
328,CCCXXVIII
MMXLI,2041
CMXLVII,947
LXXXV,85
963,CMLXIII
MMCDXXXVII,2437
MMDCCCXCII,2892
2200,MMCC
89,LXXXIX
MMCXI,2111
DXIX,519
DXL,540
CCCLXXII,372
1570,MDLXX
CDXXXVIII,438
64,LXIV
2249,MMCCXLIX
274,CCLXXIV
CCXLVIII,248
MDCXCVIII,1698
801,DCCCI
973,CMLXXIII
MMCDLXXVIII,2478
213,CCXIII
902,CMII
2792,MMDCCXCII
CCXXXI,231
1130,MCXXX
2870,MMDCCCLXX
MDCXIII,1613
1569,MDLXIX
817,DCCCXVII
1439,MCDXXXIX
1699,MDCXCIX
1108,MCVIII
2328,MMCCCXXVIII
CLVII,157
1892,MDCCCXCII
498,CDXCVIII
630,DCXXX
MCMXXX,1930
MMCDIX,2409
CMXXII,922
1221,MCCXXI
84,LXXXIV
2334,MMCCCXXXIV
CLXXVIII,178
MDCCXXXIV,1734
810,DCCCX
614,DCXIV
2549,MMDXLIX
III,3
MDLXXX,1580
2859,MMDCCCLIX
DCXLVI,646
MCCXXXVII,1237
552,DLII
585,DLXXXV
2951,MMCMLI
DCCCXXXVI,836
MCMXCII,1992
MCLI,1151
108,CVIII
1764,MDCCLXIV
1626,MDCXXVI
DLXXVI,576
MMCMXCIII,2993
271,CCLXXI
MMCDXCIX,2499
1332,MCCCXXXII
1830,MDCCCXXX
1519,MDXIX
20,XX
DCCXXVII,727
628,DCXXVIII
MDCCCVII,1807
2803,MMDCCCIII
2279,MMCCLXXIX
1904,MCMIV
MMDCCLXXII,2772
CCCVII,307
708,DCCVIII
2600,MMDC
938,CMXXXVIII
MMLVI,2056
2736,MMDCCXXXVI
MMDCCVIII,2708
MMXXVII,2027
,ERROR
CDXC,490
MDCXCVII,1697
815,DCCCXV
809,DCCCIX
MMDCXLI,2641
2455,MMCDLV
MDCCCLXIX,1869
MMCMLXXIV,2974
CMLXXXIX,989
1594,MDXCIV
2383,MMCCCLXXXIII
2836,MMDCCCXXXVI
2137,MMCXXXVII
CCCXXII,322
1995,MCMXCV
MCCCXXII,1322
2347,MMCCCXLVII
MMDCCCXLIII,2843
MCDXXIV,1424
DCCLII,752
CDXXXI,431
MMLXXXVI,2086
MMCCCLXXXIX,2389
192,CXCII
MDCXCII,1692
MDCCCXXIX,1829
941,CMXLI
CMXLI,941
2275,MMCCLXXV
401,CDI
2407,MMCDVII
MCMX,1910
2259,MMCCLIX
MMDCLXXXV,2685
DXLIX,549
2114,MMCXIV
284,CCLXXXIV
165,CLXV
486,CDLXXXVI
2465,MMCDLXV
2025,MMXXV
2874,MMDCCCLXXIV
MCCXII,1212
MDLXXIV,1574
725,DCCXXV
208,CCVIII
2102,MMCII
662,DCLXII
1954,MCMLIV
631,DCXXXI
611,DCXI
MMXI,2011
CCLVII,257
DCLXVII,667
CMVII,907
2018,MMXVIII
MMDCLX,2660
2614,MMDCXIV
MCMLV,1955
2766,MMDCCLXVI
MMDCCXXXIX,2739
1965,MCMLXV
813,DCCCXIII
MMCMLXXXIX,2989
CXLIX,149
2054,MMLIV
XIV,14
1734,MDCCXXXIV
DXXI,521
MMLXX,2070
MMCCCLIII,2353
1259,MCCLIX
775,DCCLXXV
135,CXXXV
3000,MMM
18,XVIII
MDCCCXXVI,1826
CDLXXIX,479
MMLXXXIX,2089
510,DX
CCCLXXXIV,384
994,CMXCIV
1179,MCLXXIX
CDLVIII,458
CCCXXXIX,339
1655,MDCLV
DCXLV,645
1742,MDCCXLII
147,CXLVII
MCCLXXVIII,1278
DLXXXII,582
1085,MLXXXV
1942,MCMXLII
MMCCCLXXIX,2379
MMCCCXLIII,2343
86,LXXXVI
MMVI,2006
CXLVII,147
MMCXXVI,2126
CMXII,912
MMCCCLXXXI,2381
CDXCIX,499
481,CDLXXXI
MMCMLIII,2953
1708,MDCCVIII
2525,MMDXXV
2949,MMCMXLIX
DCLXXX,680
2996,MMCMXCVI
1948,MCMXLVIII
2189,MMCLXXXIX
CMI,901
2510,MMDX
2906,MMCMVI
MDXLIV,1544
2882,MMDCCCLXXXII
721,DCCXXI
CCXXXIX,239
1444,MCDXLIV
366,CCCLXVI
2424,MMCDXXIV
2462,MMCDLXII
1272,MCCLXXII
XXIII,23
444,CDXLIV
MCXVII,1117
LI,51
MMDCLVI,2656
DCCLXXIX,779
MCCCXL,1340
2513,MMDXIII
633,DCXXXIII
2740,MMDCCXL
MMDXXVIII,2528
825,DCCCXXV
--34,ERROR
2978,MMCMLXXVIII
CCLXXXV,285
MDCVI,1606
177,CLXXVII
477,CDLXXVII
DCCCLXXV,875
XXXVIII,38
2491,MMCDXCI
CCCLXV,365
550,DL
1349,MCCCXLIX
MDLXXXIV,1584
716,DCCXVI
1378,MCCCLXXVIII
774,DCCLXXIV
MCMLVII,1957
2767,MMDCCLXVII
1354,MCCCLIV
MCCXVI,1216
MMCCXXXIX,2239
1572,MDLXXII
MCXXXII,1132
MMXIX,2019
2638,MMDCXXXVIII
MMDXLIII,2543
MMDCCCXXVIII,2828
MMCDLXXXI,2481
2068,MMLXVIII
MCDXCIII,1493
1410,MCDX
383,CCCLXXXIII
,ERROR
MDXXIII,1523
MMCXXIV,2124
MCCCXLV,1345
MMDCCXL,2740
LVII,57
2807,MMDCCCVII
MMDCCLVII,2757
CDXXVI,426
2770,MMDCCLXX
434,CDXXXIV
MCMV,1905
MDCCLVI,1756
MLXXXVIII,1088
1222,MCCXXII
MDCCCLXV,1865
MMCXLVIII,2148
MDXCIX,1599
DCXCIV,694
MDCCCLIII,1853
MMCMXI,2911
MMLXII,2062
CXXXIX,139
1554,MDLIV
CDLVI,456
MDCCLXXXIX,1789
MMCMLXIV,2964
MCDXLIV,1444
MCXLVI,1146
427,CDXXVII
XCVII,97
2641,MMDCXLI
MDLXXXVI,1586
MMCCCV,2305
2601,MMDCI
MMCCXXVI,2226
DLXVIII,568
MMCCXXVIII,2228
MCMXXVIII,1928
2250,MMCCL
840,DCCCXL
1233,MCCXXXIII
2527,MMDXXVII
814,DCCCXIV
MMDCCLXXXIX,2789
1159,MCLIX
693,DCXCIII
2160,MMCLX
MMDLXVII,2567
MDCXV,1615
DCCCIII,803
2026,MMXXVI
MXI,1011
MMDXXXVII,2537
MCDXXXVI,1436
1576,MDLXXVI
CXXIII,123
1280,MCCLXXX
897,DCCCXCVII
913,CMXIII
MMCDXXXIV,2434
1550,MDL
2639,MMDCXXXIX
MMCLXXV,2175
DCXXIII,623
1989,MCMLXXXIX
2344,MMCCCXLIV
2738,MMDCCXXXVIII
2681,MMDCLXXXI
MXLV,1045
CMLVIII,958
1190,MCXC
DCVI,606
CMLXVII,967
CLXXVI,176
CCXXXII,232
MMCCCXXV,2325
MDCCXLIX,1749
MMCCLV,2255
MMCXLV,2145
MDCCCL,1850
700,DCC
664,DCLXIV
DLXXXI,581
MMCVIII,2108
1509,MDIX
CCCXXIX,329
DCCVIII,708
MMDCCCLXII,2862
MMCCCXLIX,2349
2297,MMCCXCVII
1375,MCCCLXXV
DCLVI,656
CCLXXIX,279
MMDCCCXXXV,2835
2360,MMCCCLX
MDLXXXIII,1583
MMLIV,2054
1277,MCCLXXVII
DCXXXIV,634
1370,MCCCLXX
MMDCXCI,2691
MMDCCCLXXXIX,2889
DXLVIII,548
MMDCCCLXVII,2867
MMCLXVIII,2168
382,CCCLXXXII
1412,MCDXII
vi,6
MMCCVIII,2208
MMCXVII,2117
97,XCVII
1219,MCCXIX
1544,MDXLIV
2555,MMDLV
2985,MMCMLXXXV
MMXCV,2095
MDCIII,1603
128,CXXVIII
1225,MCCXXV
2661,MMDCLXI
2573,MMDLXXIII
2490,MMCDXC
MMCCCXC,2390
1807,MDCCCVII
MMCXLVI,2146
MMDCCCXXX,2830
2890,MMDCCCXC
MDCCLXXIII,1773
404,CDIV
1713,MDCCXIII
MDCCLXXVII,1777
MMDCCLXIX,2769
794,DCCXCIV
MMCCCLXIV,2364
1043,MXLIII
1433,MCDXXXIII
2035,MMXXXV
2652,MMDCLII
760,DCCLX
LXIX,69
MCLXXVI,1176
CCCXI,311
237,CCXXXVII
1593,MDXCIII
MMLXXIII,2073
MMDCLXXXVI,2686
1588,MDLXXXVIII
CMXLII,942
22,XXII
MMDCCCLXIV,2864
1636,MDCXXXVI
MMCMLXXXIV,2984
MDCCLXXVI,1776
1676,MDCLXXVI
MMCXLIX,2149
2090,MMXC
MMCCCXLII,2342
MDLXXXIX,1589
CDLXXXVI,486
MCDLXXXVIII,1488
DCXXVIII,628
478,CDLXXVIII
MCMLXXXII,1982
1706,MDCCVI
MDCLII,1652
2015,MMXV
594,DXCIV
2339,MMCCCXXXIX
1853,MDCCCLIII
CIX,109
Cm,900
1744,MDCCXLIV
MCDXXII,1422
1666,MDCLXVI
777,DCCLXXVII
MCCCLXXXIII,1383
2000,MM
DCCLXXIV,774
580,DLXXX
2541,MMDXLI
MMCMXXX,2930
2110,MMCX
DCXXV,625
1639,MDCXXXIX
CMXXXII,932
6,VI
CDII,402
468,CDLXVIII
MLIX,1059
MDCCCLXXXI,1881
CLXXV,175
MMCCCLXIX,2369
MCMLXIII,1963
MMXLIII,2043
MMDXXXIV,2534
XCII,92
1806,MDCCCVI
2855,MMDCCCLV
1466,MCDLXVI
MMCDLXXIV,2474
MCCLXXXVII,1287
MCCCXCVIII,1398
MMDLXIII,2563
2848,MMDCCCXLVIII
643,DCXLIII
1224,MCCXXIV
772,DCCLXXII
MMXCVI,2096
2342,MMCCCXLII
CMLXXXIII,983
222,CCXXII
400,CD
2990,MMCMXC
378,CCCLXXVIII
2370,MMCCCLXX
1403,MCDIII
CLXXXII,182
2873,MMDCCCLXXIII
889,DCCCLXXXIX
2245,MMCCXLV
270,CCLXX
XLII,42
MMDCXLIII,2643
838,DCCCXXXVIII
2280,MMCCLXXX
808,DCCCVIII
1686,MDCLXXXVI
1154,MCLIV
900,CM
MLIV,1054
1262,MCCLXII
MMXVII,2017
943,CMXLIII
MXXIII,1023
MMCXLII,2142
MDCCCLXXVIII,1878
CXVI,116
MCDXLVI,1446
MMDCXXXV,2635
MCMXCVI,1996
1551,MDLI
1371,MCCCLXXI
2335,MMCCCXXXV
430,CDXXX
442,CDXLII
MXXXII,1032
243,CCXLIII
DCCCLXXXI,881
1913,MCMXIII
MDCCCXLV,1845
1601,MDCI
MCCXLIX,1249
1737,MDCCXXXVII
1440,MCDXL
MDCCCLXXI,1871
1476,MCDLXXVI
45,XLV
1475,MCDLXXV
577,DLXXVII
2095,MMXCV
MDXXVIII,1528
1771,MDCCLXXI
MDXXI,1521
MCMLXXXVIII,1988
1463,MCDLXIII
MCCLIX,1259
1134,MCXXXIV
1285,MCCLXXXV
MDCCCXIX,1819
272,CCLXXII
2116,MMCXVI
1395,MCCCXCV
CDXXI,421
DXXXIX,539
MMCCLXXXI,2281
CMLV,955
MMDCXXIX,2629
856,DCCCLVI
1068,MLXVIII
560,DLX
ii,2
CDLXV,465
285,CCLXXXV
1722,MDCCXXII
MMDCCXXVII,2727
2197,MMCXCVII
MCCCXCII,1392
MMCCCXXVII,2327
188,CLXXXVIII
MMCDLVII,2457
1454,MCDLIV
1070,MLXX
MCCCXXXIX,1339
2580,MMDLXXX
2448,MMCDXLVIII
MDCCCXLIII,1843
385,CCCLXXXV
DCIII,603
MCCCXXV,1325
116,CXVI
CXLV,145
MMDCCXXXVI,2736
MMDCII,2602
MXXIX,1029
CMLXXVIII,978
CCCLII,352
DXLIV,544
MDXLIX,1549
MMCCLXXXII,2282
1230,MCCXXX
2441,MMCDXLI
1290,MCCXC
MCCXVII,1217
466,CDLXVI
MMCMLXXIX,2979
MMDVI,2506
iii  ,3
888,DCCCLXXXVIII
DCCLIV,754
CCCLXXX,380
407,CDVII
MCXLV,1145
1018,MXVIII
830,DCCCXXX
MDLXXIX,1579
MMCCXCVI,2296
2518,MMDXVIII
MMCCLXXIX,2279
MMCCLXXX,2280
MMCMXXVI,2926
2109,MMCIX
CMLXXXI,981
117,CXVII
CMLXXV,975
MMCDXCVII,2497
646,DCXLVI
2694,MMDCXCIV
CDLX,460
637,DCXXXVII
CCLI,251
MMCDXV,2415
MMXXXVI,2036
300,CCC
2913,MMCMXIII
2392,MMCCCXCII
2207,MMCCVII
DCCCLXXXIX,889
DCCCIX,809
2089,MMLXXXIX
1241,MCCXLI
CCCLXXXI,381
422,CDXXII
CCXXI,221
240,CCXL
MDCLVIII,1658
MMDCCCVII,2807
MCDLIV,1454
2999,MMCMXCIX
68,LXVIII
MDLXIII,1563
MMIX,2009
MCCCXLII,1342
MDLVII,1557
MDCCXCIV,1794
CMVI,906
MMCCCXLVI,2346
2699,MMDCXCIX
  ;#'[]'#./,ERROR
1567,MDLXVII
DCCCXIX,819
178,CLXXVIII
2785,MMDCCLXXXV
CMLXXXIV,984
DCCXCVI,796
162,CLXII
1355,MCCCLV
DLXXX,580
MCCCXVII,1317
1842,MDCCCXLII
1098,MXCVIII
DCCCXXXIII,833
441,CDXLI
CCCXL,340
1705,MDCCV
2895,MMDCCCXCV
976,CMLXXVI
1814,MDCCCXIV
1023,MXXIII
2305,MMCCCV
676,DCLXXVI
MMCDLI,2451
MDCCI,1701
MMCLVIII,2158
2958,MMCMLVIII
MCCCLXXVII,1377
1824,MDCCCXXIV
DXXIX,529
1464,MCDLXIV
MDLXXXI,1581
MCMLIV,1954
MCDLXV,1465
CCVIII,208
1880,MDCCCLXXX
1246,MCCXLVI
1242,MCCXLII
MDXCII,1592
1033,MXXXIII
MMCDXXVII,2427
,ERROR
204,CCIV
MDCXXXII,1632
MMCLXXXII,2182
572,DLXXII
621,DCXXI
CXCV,195
2399,MMCCCXCIX
691,DCXCI
MMCMXCVI,2996
DCCIII,703
686,DCLXXXVI
310,CCCX
MMDLXXX,2580
2199,MMCXCIX
2914,MMCMXIV
1723,MDCCXXIII
MMDCCLVI,2756
CMLXXXII,982
CDXXV,425
MMDXCVI,2596
94,XCIV
1473,MCDLXXIII
172,CLXXII
CDXXXV,435
2940,MMCMXL
2519,MMDXIX
MDCCLXII,1762
2449,MMCDXLIX
DCCXXXIII,733
1139,MCXXXIX
DCCXXXI,731
CDXIX,419
2781,MMDCCLXXXI
2604,MMDCIV
CDLXX,470
CCCLVII,357
1785,MDCCLXXXV
1656,MDCLVI
CCXLVI,246
1048,MXLVIII
1575,MDLXXV
MDCXLVIII,1648
MCLXXVII,1177
2146,MMCXLVI
CCCXLVI,346
1428,MCDXXVIII
1014,MXIV
MMCLXIX,2169
520,DXX
MDCCCLXXXIV,1884
493,CDXCIII
MCLXIV,1164
1090,MXC
1610,MDCX
682,DCLXXXII
2241,MMCCXLI
MMCCCXLVIII,2348
1527,MDXXVII
2213,MMCCXIII
CCCLXXVI,376
2301,MMCCCI
DCCLVI,756
2374,MMCCCLXXIV
2607,MMDCVII
39,XXXIX
CCCXXVI,326
MCCCXXXVI,1336
MDLXXXV,1585
MLXXVI,1076
347,CCCXLVII
MCMXXXIV,1934
871,DCCCLXXI
MCXXI,1121
CLXXIV,174
55,LV
MCMLII,1952
MMDCIII,2603
1120,MCXX
2020,MMXX
MDLIX,1559
164,CLXIV
CMIV,904
261,CCLXI
DLV,555
1758,MDCCLVIII
2014,MMXIV
1377,MCCCLXXVII
CDX,410
1826,MDCCCXXVI
299,CCXCIX
2452,MMCDLII
348,CCCXLVIII
DCLXIII,663
937,CMXXXVII
588,DLXXXVIII
MDCCCXXXVI,1836
CCCLXXXVIII,388
1920,MCMXX
1313,MCCCXIII
201,CCI
1637,MDCXXXVII
2741,MMDCCXLI
MDIII,1503
VI,6
2794,MMDCCXCIV
CLIX,159
2761,MMDCCLXI
1561,MDLXI
CMXCII,992
DI,501
2968,MMCMLXVIII
1092,MXCII
MMCCL,2250
2252,MMCCLII
706,DCCVI
1199,MCXCIX
CDXLI,441
2798,MMDCCXCVIII
CDLXXXII,482
CDLXVIII,468
DCCCXCVII,897
169,CLXIX
MMDCXLVII,2647
DLXXIX,579
1797,MDCCXCVII
866,DCCCLXVI
2800,MMDCCC
MDCCCLII,1852
1116,MCXVI
MCDXCV,1495
MCCXXXI,1231
139,CXXXIX
2499,MMCDXCIX
2526,MMDXXVI
899,DCCCXCIX
LXXX,80
2009,MMIX
502,DII
934,CMXXXIV
  vi,6
1397,MCCCXCVII
DCLXII,662
983,CMLXXXIII
DCXCI,691
1521,MDXXI
2763,MMDCCLXIII
MDLXIX,1569
MCCXCVIII,1298
730,DCCXXX
MMCDXCIII,2493
2125,MMCXXV
1632,MDCXXXII
2863,MMDCCCLXIII
DCCLXXVI,776
2691,MMDCXCI
533,DXXXIII
MCMXIII,1913
DCCLXXXIII,783
1000,M
MMCCXCIX,2299
MDLXIV,1564
MCCCXV,1315
1731,MDCCXXXI
CCXXVIII,228
MMCCCXCVI,2396
MCMLXXV,1975
1560,MDLX
XXXV,35
MCXCVI,1196
2422,MMCDXXII
1546,MDXLVI
2463,MMCDLXIII
xCii,92
2239,MMCCXXXIX
MDCLIX,1659
566,DLXVI
2159,MMCLIX
1716,MDCCXVI
MMCDXXXVI,2436
2690,MMDCXC
MMDCCXV,2715
1673,MDCLXXIII
CCCXXXVI,336
1851,MDCCCLI
2056,MMLVI
1064,MLXIV
670,DCLXX
1938,MCMXXXVIII
MLXXVII,1077
DXVII,517
945,CMXLV
28,XXVIII
575,DLXXV
1149,MCXLIX
1055,MLV
2685,MMDCLXXXV
182,CLXXXII
1614,MDCXIV
CDXIV,414
DCXLIX,649
CCXXXVIII,238
483,CDLXXXIII
2633,MMDCXXXIII
2329,MMCCCXXIX
MMDCXXI,2621
MMCMV,2905
2851,MMDCCCLI
MXXV,1025
1775,MDCCLXXV
MXCIX,1099
CXVIII,118
XXVIII,28
MMCDXX,2420
1421,MCDXXI
1741,MDCCXLI
MDLXVII,1567
539,DXXXIX
2482,MMCDLXXXII
CMLXXXVII,987
XVIII,18
1072,MLXXII
76,LXXVI
MCDXIV,1414
MMDXXXV,2535
74,LXXIV
LXXXI,81
2298,MMCCXCVIII
2487,MMCDLXXXVII
CMXXXV,935
965,CMLXV
MV,1005
DCXVII,617
2689,MMDCLXXXIX
MDCCXXVII,1727
1357,MCCCLVII
MMDCCCLXI,2861
327,CCCXXVII
2730,MMDCCXXX
MCCLXI,1261
MMDIV,2504
MCDXVII,1417
CMXVI,916
MDCLXXVI,1676
629,DCXXIX
1564,MDLXIV
MMXCVIII,2098
2349,MMCCCXLIX
MDXC,1590
558,DLVIII
2656,MMDCLVI
MCIV,1104
269,CCLXIX
1101,MCI
1687,MDCLXXXVII
336,CCCXXXVI
MMLXIX,2069
2289,MMCCLXXXIX
MMDXIV,2514
DCCCXXXI,831
MMCCCXCV,2395
930,CMXXX
1692,MDCXCII
MMDLXX,2570
1422,MCDXXII
1334,MCCCXXXIV
CCLXXXIV,284
703,DCCIII
96,XCVI
2664,MMDCLXIV
MCMXCIX,1999
1235,MCCXXXV
197,CXCVII
DCXL,640
CXLIV,144
1578,MDLXXVIII
2306,MMCCCVI
2566,MMDLXVI
MDCCCLXVI,1866
2401,MMCDI
1661,MDCLXI
CCXXIV,224
1284,MCCLXXXIV
1825,MDCCCXXV
MMDXLVIII,2548
MCCVII,1207
MMDCCCXXII,2822
1857,MDCCCLVII
DCLII,652
MMCDLV,2455
2623,MMDCXXIII
MCMLXIV,1964
MCCXXIV,1224
1925,MCMXXV
932,CMXXXII
MMCMXL,2940
MMCDXXV,2425
2864,MMDCCCLXIV
2789,MMDCCLXXXIX
MMCM,2900
536,DXXXVI
MMCMXXI,2921
2784,MMDCCLXXXIV
2684,MMDCLXXXIV
2454,MMCDLIV
CDLXXIV,474
2841,MMDCCCXLI
MLXXXIII,1083
MMCDLXXXV,2485
MMDCVIII,2608
MMCCLXVII,2267
1303,MCCCIII
1161,MCLXI
DLXXXV,585
1672,MDCLXXII
MDCCCXXVII,1827
2086,MMLXXXVI
MMCDXCV,2495
1863,MDCCCLXIII
DXXXVII,537
1794,MDCCXCIV
MDCCCXI,1811
MMCIII,2103
1966,MCMLXVI
DCCLXX,770
CMLXXIV,974
2292,MMCCXCII
MDCCCVI,1806
MMDCCCXV,2815
CMXLV,945
MCCLXVIII,1268
2749,MMDCCXLIX
MMDCXI,2611
MMCCXVII,2217
MDCCLXXX,1780
1415,MCDXV
CCCXLIX,349
CXXIV,124
MMCMVI,2906
MMCCCVI,2306
MDCLXXXVII,1687
2353,MMCCCLIII
MMDXVIII,2518
738,DCCXXXVIII
CC,200
185,CLXXXV
MMCCCLIV,2354
1420,MCDXX
LVI,56
1515,MDXV
MDCCCXII,1812
1353,MCCCLIII
CCXLIX,249
CMXCIV,994
CLXXII,172
925,CMXXV
2186,MMCLXXXVI
iii,3
MXLVI,1046
CCXV,215
2801,MMDCCCI
MMCCLXXXVI,2286
156,CLVI
MCCLXXVI,1276
402,CDII
DCCCII,802
907,CMVII
MMCCLXXXV,2285
1047,MXLVII
DCXXIX,629
MCCCXXVIII,1328
1703,MDCCIII
MCCCXCVII,1397
CMXV,915
435,CDXXXV
MMDCCCLVIII,2858
1129,MCXXIX
MCDXXI,1421
993,CMXCIII
MMCDLVI,2456
2079,MMLXXIX
MDLVIII,1558
DLXIV,564
MMCMXLIX,2949
1624,MDCXXIV
844,DCCCXLIV
MMCCCLXXII,2372
250,CCL
2548,MMDXLVIII
247,CCXLVII
1234,MCCXXXIV
CCCXCIV,394
MMCDLX,2460
2343,MMCCCXLIII
2176,MMCLXXVI
2561,MMDLXI
2372,MMCCCLXXII
831,DCCCXXXI
MMCDLXXXIX,2489
MDCXVI,1616
MDCCCXX,1820
MCDLXI,1461
MMDLIV,2554
1884,MDCCCLXXXIV
MMDCCCLV,2855
604,DCIV
2093,MMXCIII
DCCLVII,757
1032,MXXXII
MDCLXXXV,1685
MMCMXLVII,2947
MMCCLIV,2254
DCCXXXIX,739
MDCL,1650
MDCCXLV,1745
CDXLVI,446
LXXIX,79
MCCCLIV,1354
1518,MDXVIII
MDCCCLXXXVII,1887
MXCIV,1094
MVIII,1008
534,DXXXIV
DCCCXXVIII,828
DCCXXII,722
MDCCCXCVIII,1898
1543,MDXLIII
1056,MLVI
MCMLI,1951
1643,MDCXLIII
845,DCCCXLV
MCXLIX,1149
MCMXI,1911
MDCXXI,1621
722,DCCXXII
137,CXXXVII
69,LXIX
CCXXIII,223
2745,MMDCCXLV
MMDCCLIV,2754
MMCIV,2104
1049,MXLIX
MMDCCXXIX,2729
2420,MMCDXX
1520,MDXX
MMDCXLVIII,2648
LXXIV,74
MDCXIX,1619
MMDXXV,2525
DCCCXCII,892
1245,MCCXLV
DCCCXXX,830
736,DCCXXXVI
MCXCVIII,1198
2982,MMCMLXXXII
MDCLXI,1661
710,DCCX
MCDXVIII,1418
724,DCCXXIV
2393,MMCCCXCIII
2542,MMDXLII
553,DLIII
CXCI,191
2496,MMCDXCVI
1860,MDCCCLX
1258,MCCLVIII
370,CCCLXX
655,DCLV
MCMLVI,1956
1615,MDCXV
MMDCCCXCIII,2893
2524,MMDXXIV
2058,MMLVIII
MCLXIX,1169
CD,400
1862,MDCCCLXII
920,CMXX
839,DCCCXXXIX
2986,MMCMLXXXVI
MMLXXVI,2076
2008,MMVIII
1779,MDCCLXXIX
122,CXXII
238,CCXXXVIII
698,DCXCVIII
0,ERROR
1783,MDCCLXXXIII
XXXI,31
1584,MDLXXXIV
388,CCCLXXXVIII
626,DCXXVI
DCXCV,695
1411,MCDXI
MCCLV,1255
2225,MMCCXXV
1211,MCCXI
MXXXVII,1037
2994,MMCMXCIV
1327,MCCCXXVII
1750,MDCCL
MMDXII,2512
1760,MDCCLX
936,CMXXXVI
2309,MMCCCIX
2672,MMDCLXXII
1809,MDCCCIX
DCCCLXIV,864
1563,MDLXIII
MDCCCLXXVII,1877
696,DCXCVI
CCXII,212
349,CCCXLIX
470,CDLXX
MCLXXXV,1185
MCLXXIII,1173
1489,MCDLXXXIX
MMCMLXI,2961
MMDLXXXVIII,2588
843,DCCCXLIII
2484,MMCDLXXXIV
MCCXIV,1214
MCCCXCIII,1393
561,DLXI
DCCXLVIII,748
2380,MMCCCLXXX
1827,MDCCCXXVII
 If g,ERROR
MMDXL,2540
429,CDXXIX
1730,MDCCXXX
MDCLXIV,1664
1352,MCCCLII
512,DXII
1181,MCLXXXI
32,XXXII
1786,MDCCLXXXVI
2397,MMCCCXCVII
1736,MDCCXXXVI
1036,MXXXVI
MMCDXXIII,2423
DCLXXVII,677
DCCLIX,759
MMCDLXXXVII,2487
2390,MMCCCXC
DXIII,513
MMDLXIX,2569
DCCCVII,807
678,DCLXXVIII
MMCDXXXIII,2433
357,CCCLVII
358,CCCLVIII
1266,MCCLXVI
MMCCXCIV,2294
2178,MMCLXXVIII
2861,MMDCCCLXI
2228,MMCCXXVIII
752,DCCLII
87,LXXXVII
MMLXXIX,2079
MCCXLVII,1247
CLXXIX,179
VII,7
852,DCCCLII
23,XXIII
953,CMLIII
MMCMXCVII,2997
CLXXXI,181
CMLVII,957
759,DCCLIX
MDLXXV,1575
1685,MDCLXXXV
944,CMXLIV
2295,MMCCXCV
1026,MXXVI
1712,MDCCXII
15,XV
1932,MCMXXXII
CLXXXVII,187
2379,MMCCCLXXIX
MDCLXXV,1675
ii,2
DCCLXXX,780
LIII,53
MMCCXX,2220
DCCCLXXXVI,886
2853,MMDCCCLIII
824,DCCCXXIV
432,CDXXXII
1821,MDCCCXXI
360,CCCLX
2163,MMCLXIII
1757,MDCCLVII
MDLVI,1556
2011,MMXI
411,CDXI
MMCXXXIV,2134
CMXCVII,997
CXCIV,194
102,CII
1796,MDCCXCVI
1347,MCCCXLVII
MMCCCXCVIII,2398
MCCCI,1301
267,CCLXVII
CCCXLVIII,348
DCLXXXII,682
380,CCCLXXX
2726,MMDCCXXVI
1589,MDLXXXIX
2384,MMCCCLXXXIV
2948,MMCMXLVIII
MMCXX,2120
MMDXXXIX,2539
488,CDLXXXVIII
CCII,202
1558,MDLVIII
MCLXXIX,1179
2762,MMDCCLXII
1770,MDCCLXX
2917,MMCMXVII
2497,MMCDXCVII
CLXIX,169
2727,MMDCCXXVII
CV,105
CCIX,209
MCLXIII,1163
MCMXCIV,1994
MMDXXXIII,2533
MMCMXCIX,2999
MCV,1105
MMDCXCIV,2694
858,DCCCLVIII
2708,MMDCCVIII
DCCCLXXII,872
MCMXCI,1991
438,CDXXXVIII
330,CCCXXX
2696,MMDCXCVI
MMCXCIX,2199
2486,MMCDLXXXVI
537,DXXXVII
1649,MDCXLIX
1109,MCIX
642,DCXLII
1817,MDCCCXVII
525,DXXV
2157,MMCLVII
DCVII,607
CCXXXIII,233
MMDLXI,2561
CDXLV,445
MMDCLIV,2654
1356,MCCCLVI
MCLXX,1170
2217,MMCCXVII
2136,MMCXXXVI
CCCXCVIII,398
MMCDXCII,2492
1721,MDCCXXI
CMLXXIX,979
MMCCCXXIII,2323
MMCC,2200
LXXIII,73
1487,MCDLXXXVII
2816,MMDCCCXVI
MXV,1015
2323,MMCCCXXIII
MCCCLXXVIII,1378
467,CDLXVII
MMCCCXXXIII,2333
CCCLIII,353
CCI,201
XCIX,99
LVIII,58
2759,MMDCCLIX
DXLVI,546
DCCCXXVII,827
MMDCCCIX,2809
MCMLXXIII,1973
MMDCLXXX,2680
MDCCCXLVII,1847
MDXCIII,1593
2230,MMCCXXX
1477,MCDLXXVII
1381,MCCCLXXXI
MMDCCCIII,2803
MMDCCLX,2760
1306,MCCCVI
D,500
MDCCCLXXXV,1885
XLIX,49
MMCDXXIV,2424
,ERROR
MMCCCII,2302
2592,MMDXCII
MMCCCXVII,2317
MDCCXXXIX,1739
MCCLXXXII,1282
124,CXXIV
717,DCCXVII
1874,MDCCCLXXIV
MMCCXXXVIII,2238
2831,MMDCCCXXXI
MDCXXIX,1629
MMDCCXXX,2730
MDCCLXIX,1769
2191,MMCXCI
992,CMXCII
DCLXXXV,685
1321,MCCCXXI
CDLXXXI,481
1756,MDCCLVI
MMDCXCII,2692
MMDLXV,2565
MDXXVII,1527
MDCCCXLIX,1849
MMCXCI,2191
1536,MDXXXVI
MXCVIII,1098
2830,MMDCCCXXX
MMCXCVIII,2198
MD,1500
1391,MCCCXCI
246,CCXLVI
2891,MMDCCCXCI
MMCCLI,2251
MLXXXVII,1087
MCCCLI,1351
1582,MDLXXXII
2132,MMCXXXII
885,DCCCLXXXV
MDCCCXXXIII,1833
503,DIII
MCDXXXVII,1437
MMDCXCIII,2693
942,CMXLII
1980,MCMLXXX
CVI,106
MMDCCLXXXV,2785
990,CMXC
MMDCXLIV,2644
,ERROR
MMXXI,2021
MMCCCXVI,2316
2362,MMCCCLXII
MMCDII,2402
CCXXIX,229
1243,MCCXLIII
1122,MCXXII
MMCDVI,2406
1681,MDCLXXXI
MMCDLXXII,2472
719,DCCXIX
286,CCLXXXVI
544,DXLIV
MMCCCXCIII,2393
1495,MCDXCV
MDCCLX,1760
2240,MMCCXL
2274,MMCCLXXIV
MMCCCLXXI,2371
2417,MMCDXVII
MCCCLXII,1362
CCLXIX,269
MCCCLIX,1359
CCXVI,216
2286,MMCCLXXXVI
220,CCXX
1248,MCCXLVIII
MCDLXXXV,1485
980,CMLXXX
DCXCII,692
MMLXXXIV,2084
DXXXVIII,538
1307,MCCCVII
MMCCXIX,2219
1660,MDCLX
CCCLVI,356
295,CCXCV
MDCCCXCIV,1894
1394,MCCCXCIV
796,DCCXCVI
1442,MCDXLII
1707,MDCCVII
MDLXXVII,1577
MMD,2500
MMCMLVII,2957
705,DCCV
MMCDLXXIX,2479
1998,MCMXCVIII
DCCCXCV,895
MMDLXXVIII,2578
MCDXL,1440
2391,MMCCCXCI
CDLXXV,475
DCCCL,850
CMXI,911
MCMXC,1990
1724,MDCCXXIV
1896,MDCCCXCVI
115,CXV
MMCMLXX,2970
1907,MCMVII
728,DCCXXVIII
890,DCCCXC
MLVI,1056
DCCCLXXVIII,878
878,DCCCLXXVIII
2082,MMLXXXII
MCMXLII,1942
884,DCCCLXXXIV
MMDXCIV,2594
CXIX,119
2669,MMDCLXIX
CCCL,350
1434,MCDXXXIV
1331,MCCCXXXI
1330,MCCCXXX
MMDCCCXXXIX,2839
278,CCLXXVIII
CCXCIII,293
1427,MCDXXVII
MDCLXXXII,1682
200,CC
1196,MCXCVI
2185,MMCLXXXV
MDCVII,1607
DCCCLVII,857
MMDCCCXLVI,2846
MMCDLXVII,2467
MMCDLII,2452
331,CCCXXXI
2404,MMCDIV
CCCXXXV,335
LXXVIII,78
MXII,1012
2244,MMCCXLIV
MDCCXXI,1721
MMCLIII,2153
2069,MMLXIX
1365,MCCCLXV
2993,MMCMXCIII
2806,MMDCCCVI
2143,MMCXLIII
1220,MCCXX
MMCDXL,2440
1019,MXIX
MCCXVIII,1218
MCCCLXXIII,1373
2512,MMDXII
CCCLIV,354
1784,MDCCLXXXIV
CLXXXVIII,188
2092,MMXCII
228,CCXXVIII
2001,MMI
1581,MDLXXXI
2963,MMCMLXIII
MMDCLXXXVII,2687
MDCCLXXXV,1785
1027,MXXVII
MCMXCV,1995
MDCCLIV,1754
1879,MDCCCLXXIX
MMDCCL,2750
1150,MCL
MMCDLXIV,2464
1341,MCCCXLI
MMDCCCXVIII,2818
1799,MDCCXCIX
CCCXIII,313
1790,MDCCXC
315,CCCXV
MMDCCCXLVII,2847
MDCCXXXVI,1736
2586,MMDLXXXVI
MLIII,1053
1893,MDCCCXCIII
2952,MMCMLII
428,CDXXVIII
1886,MDCCCLXXXVI
MMCCCXXXV,2335
DCCXXXIV,734
834,DCCCXXXIV
625,DCXXV
1944,MCMXLIV
MMDCCLXXXI,2781
2332,MMCCCXXXII
1418,MCDXVIII
MMDCLXVI,2666
391,CCCXCI
VIII,8
MMCCCXXXVI,2336
2234,MMCCXXXIV
CMXX,920
MDCCCX,1810
MDXL,1540
924,CMXXIV
MDCCXXV,1725
2107,MMCVII
555,DLV
1622,MDCXXII
MDCI,1601
2206,MMCCVI
1688,MDCLXXXVIII
CLV,155
DCCCXXXV,835
MXX,1020
1621,MDCXXI
650,DCL
MMCXV,2115
2748,MMDCCXLVIII
109,CIX
CDXXIII,423
MMXV,2015
MMCXVI,2116
MMLXXII,2072
617,DCXVII
DXX,520
2053,MMLIII
751,DCCLI
12,XII
MMCCCXCIV,2394
MCXV,1115
MLI,1051
CCCXCV,395
2984,MMCMLXXXIV
MMCCCXII,2312
MDCXCI,1691
MMDCXXXVI,2636
MMCCXIII,2213
1781,MDCCLXXXI
MCCCXXIV,1324
2022,MMXXII
MMLVII,2057
MCDIV,1404
998,CMXCVIII
854,DCCCLIV
2676,MMDCLXXVI
DCXVIII,618
CXXXVII,137
MMDCXXXII,2632
DCCCXXII,822
MMCDXLVIII,2448
MMDCXVII,2617
CLXXXIV,184
2943,MMCMXLIII
DCCXLIX,749
433,CDXXXIII
2937,MMCMXXXVII
LXXXIX,89
2326,MMCCCXXVI
MCDLXXX,1480
88,LXXXVIII
CMLXIV,964
DCXLI,641
2222,MMCCXXII
CDXCVI,496
MMDCCLXVIII,2768
2894,MMDCCCXCIV
281,CCLXXXI
MMDCCLXX,2770
CLX,160
MMCLIV,2154
MXXXIII,1033
CLVI,156
MDCCCLIV,1854
416,CDXVI
DCXII,612
MMCDLXXXIV,2484
2315,MMCCCXV
704,DCCIV
MDCXLIV,1644
567,DLXVII
2445,MMCDXLV
2355,MMCCCLV
DCCXVI,716
410,CDX
2300,MMCCC
1210,MCCX
2931,MMCMXXXI
2583,MMDLXXXIII
1905,MCMV
2117,MMCXVII
CCCLXIV,364
MDXXII,1522
1646,MDCXLVI
DCCCLXXVI,876
1367,MCCCLXVII
MMDCCXXVI,2726
MDCCCXXXIV,1834
1668,MDCLXVIII
MMCCXXXV,2235
MMCMXLIII,2943
MCCCLXIII,1363
CCLIII,253
MMDCCCVI,2806
MCXL,1140
MMDCLV,2655
MDCXXIII,1623
1838,MDCCCXXXVIII
CMV,905
556,DLVI
1662,MDCLXII
1635,MDCXXXV
205,CCV
2815,MMDCCCXV
MMDCLXVIII,2668
MMLXI,2061
1169,MCLXIX
MDXLIII,1543
647,DCXLVII
1265,MCCLXV
1423,MCDXXIII
1619,MDCXIX
MDCCCXLIV,1844
219,CCXIX
MMCCCI,2301
MMCXXXVIII,2138
1994,MCMXCIV
581,DLXXXI
MMDCCCXL,2840
MMCCCXXVIII,2328
364,CCCLXIV
1819,MDCCCXIX
CDXCI,491
MDXXXV,1535
11,XI
922,CMXXII
584,DLXXXIV
2887,MMDCCCLXXXVII
1591,MDXCI
1157,MCLVII
1091,MXCI
MLXI,1061
MMCCLXVIII,2268
1105,MCV
DCXXXVI,636
DLXXIII,573
MMCCCVIII,2308
562,DLXII
262,CCLXII
1552,MDLII
MCMXXVI,1926
2434,MMCDXXXIV
2386,MMCCCLXXXVI
1971,MCMLXXI
2215,MMCCXV
MDCCXXXIII,1733
MMCXXXIX,2139
DCCCLI,851
MCDLXVI,1466
MDCCCLXXIX,1879
2755,MMDCCLV
2927,MMCMXXVII
268,CCLXVIII
961,CMLXI
CCXIII,213
439,CDXXXIX
1037,MXXXVII
595,DXCV
672,DCLXXII
2413,MMCDXIII
2581,MMDLXXXI
1690,MDCXC
131,CXXXI
1859,MDCCCLIX
971,CMLXXI
MDXIX,1519
DCCXXV,725
CCLX,260
MMCDI,2401
MCMLXXXIV,1984
2260,MMCCLX
MCCCXXX,1330
2389,MMCCCLXXXIX
MCCCLXXXV,1385
CMXIII,913
MMDXXIII,2523
MMDXCIII,2593
869,DCCCLXIX
314,CCCXIV
MMDCCLXXXVI,2786
259,CCLIX
2010,MMX
MDCCXXVI,1726
1684,MDCLXXXIV
2772,MMDCCLXXII
DCCCLXXXII,882
MCXCIII,1193
1452,MCDLII
MMDCCCLXXI,2871
2427,MMCDXXVII
123,CXXIII
1629,MDCXXIX
CXXVIII,128
MMCXIX,2119
MMCCXXIV,2224
MCCXXXV,1235
MCCCIX,1309
1499,MCDXCIX
249,CCXLIX
1359,MCCCLIX
DC,600
2067,MMLXVII
MMCXCII,2192
CDV,405
DCLXXV,675
MCCCLXXXVII,1387
MDCCCLXIII,1863
415,CDXV
2356,MMCCCLVI
DCCIV,704
MMCMLXVII,2967
MMDXIII,2513
LXVII,67
MMCCCLIX,2359
779,DCCLXXIX
2428,MMCDXXVIII
MDCCXLVII,1747
MMDXXI,2521
2903,MMCMIII
MMDCCLXXVIII,2778
MCMII,1902
CXIV,114
1633,MDCXXXIII
MMI,2001
MMCMLIX,2959
MMDLXVI,2566
MCLIII,1153
iii  ,3
MCLIX,1159
984,CMLXXXIV
MDCCCXVIII,1818
MMCCCIV,2304
98,XCVIII
MMCCCLII,2352
421,CDXXI
2620,MMDCXX
2820,MMDCCCXX
257,CCLVII
DCCCLXI,861
1895,MDCCCXCV
MMDCCXCI,2791
507,DVII
496,CDXCVI
MDCLXV,1665
769,DCCLXIX
996,CMXCVI
MCDXXXIII,1433
1320,MCCCXX
765,DCCLXV
MMLXV,2065
2489,MMCDLXXXIX
DCLXVIII,668
48,XLVIII
2531,MMDXXXI
1046,MXLVI
1813,MDCCCXIII
DCLXVI,666
MCLXXXI,1181
MLXXXIV,1084
MDCIX,1609
1071,MLXXI
677,DCLXXVII
MCDXLVII,1447
833,DCCCXXXIII
MDCCCXLVIII,1848
MMCMXXIII,2923
2758,MMDCCLVIII
1292,MCCXCII
MDCCCXXXII,1832
MCCCLXIX,1369
1574,MDLXXIV
MMCCCXI,2311
MMCCLXXIII,2273
MDCXXX,1630
MMCMLV,2955
2701,MMDCCI
381,CCCLXXXI
1717,MDCCXVII
354,CCCLIV
XXI,21
MCXCI,1191
2769,MMDCCLXIX
II,2
2760,MMDCCLX
2644,MMDCXLIV
CIV,104
2662,MMDCLXII
697,DCXCVII
1205,MCCV
MCCCLXXXI,1381
612,DCXII
MCMLXXVIII,1978
CMXVII,917
2686,MMDCLXXXVI
1404,MCDIV
MCVI,1106
DCCXLI,741
CCV,205
MMCXC,2190
1974,MCMLXXIV
,ERROR
CCCLXXXIII,383
21,XXI
933,CMXXXIII
2492,MMCDXCII
2902,MMCMII
1983,MCMLXXXIII
638,DCXXXVIII
DCCXIII,713
1929,MCMXXIX
MMDCLXXXVIII,2688
1700,MDCC
MLX,1060
1968,MCMLXVIII
1978,MCMLXXVIII
2501,MMDI
MCDXII,1412
LIV,54
MMDCCLXXIII,2773
127,CXXVII
1618,MDCXVIII
MDCCCIV,1804
1975,MCMLXXV
DCCXXI,721
517,DXVII
MMDCCCLIII,2853
MXXXVIII,1038
519,DXIX
DCCCLXX,870
2722,MMDCCXXII
1755,MDCCLV
1780,MDCCLXXX
MDCLXXX,1680
     5   ,V
1118,MCXVIII
DCCXXXVII,737
MMDLXXVI,2576
83,LXXXIII
403,CDIII
DCCCXCVI,896
761,DCCLXI
333,CCCXXXIII
770,DCCLXX
1028,MXXVIII
CLVIII,158
1192,MCXCII
908,CMVIII
1232,MCCXXXII
2550,MMDL
CXXIX,129
DCCLXVIII,768
1315,MCCCXV
MCCLXX,1270
952,CMLII
MMDCCCXII,2812
MMCCCXXXVII,2337
1659,MDCLIX
1782,MDCCLXXXII
1642,MDCXLII
DCCXXIV,724
2331,MMCCCXXXI
MMCCCLVIII,2358
1985,MCMLXXXV
2310,MMCCCX
DCCLXII,762
991,CMXCI
2979,MMCMLXXIX
740,DCCXL
MCXXIII,1123
1934,MCMXXXIV
MDCXLIX,1649
MMCI,2101
75,LXXV
473,CDLXXIII
2619,MMDCXIX
1645,MDCXLV
2303,MMCCCIII
MCDXXXII,1432
2075,MMLXXV
CXXXVI,136
1987,MCMLXXXVII
958,CMLVIII
1911,MCMXI
1617,MDCXVII
2119,MMCXIX
MCLVIII,1158
2687,MMDCLXXXVII
,ERROR
170,CLXX
MCCLXXXIII,1283
1369,MCCCLXIX
CLXVIII,168
1481,MCDLXXXI
1725,MDCCXXV
MCCCLXXX,1380
MMDCCXX,2720
1425,MCDXXV
CCXLVII,247
DCLXXXIII,683
MMCCCXXX,2330
853,DCCCLIII
2693,MMDCXCIII
DCXXI,621
2932,MMCMXXXII
MCXXX,1130
MCCXXIX,1229
DCLXXXI,681
MMCDXXXI,2431
2396,MMCCCXCVI
1078,MLXXVIII
MMDCLXXXI,2681
XCIV,94
CDLXXII,472
MMDLXXXVI,2586
MDCXXV,1625
1038,MXXXVIII
2002,MMII
CDVI,406
2536,MMDXXXVI
MMDCCCXXIV,2824
MMDXXXII,2532
MDCCCLVI,1856
857,DCCCLVII
CCLXXXI,281
MMDCXC,2690
1268,MCCLXVIII
MCDLXXIX,1479
MDCCLXXII,1772
293,CCXCIII
504,DIV
DCXXXVIII,638
289,CCLXXXIX
2288,MMCCLXXXVIII
MMCDXXX,2430
30,XXX
LXXV,75
MCCCXCV,1395
371,CCCLXXI
1950,MCML
758,DCCLVIII
MCCLXXX,1280
MCMXXXVII,1937
MMCCXLV,2245
MMXXXIII,2033
XCVIII,98
181,CLXXXI
1077,MLXXVII
748,DCCXLVIII
MCLXVIII,1168
212,CCXII
MMCMVIII,2908
MCCXCIII,1293
MCML,1950
1947,MCMXLVII
MMDCCVII,2707
MMCDXLII,2442
MMCMXX,2920
255,CCLV
MLXVI,1066
MCMXLIX,1949
MMCCXLI,2241
DCCCLX,860
2660,MMDCLX
51,LI
1765,MDCCLXV
248,CCXLVIII
2085,MMLXXXV
460,CDLX
CMXCV,995
MMDCCXXII,2722
CCCXCVII,397
2875,MMDCCCLXXV
1941,MCMXLI
230,CCXXX
CDXXII,422
2728,MMDCCXXVIII
MMDCXXV,2625
2126,MMCXXVI
234,CCXXXIV
1087,MLXXXVII
MMDCCCXX,2820
1305,MCCCV
MXIV,1014
312,CCCXII
1773,MDCCLXXIII
1143,MCXLIII
153,CLIII
653,DCLIII
MDCCXX,1720
607,DCVII
MCCLXV,1265
XXV,25
341,CCCXLI
2629,MMDCXXIX
MCDXXXIV,1434
1545,MDXLV
,ERROR
2267,MMCCLXVII
MMDCCCLXXIII,2873
CDI,401
MDCCCXCV,1895
1969,MCMLXIX
MMDCCCLXVIII,2868
734,DCCXXXIV
LXXXIII,83
MMCCLXXI,2271
1482,MCDLXXXII
2436,MMCDXXXVI
MCCXXVIII,1228
90,XC
MDCCCI,1801
MCCCLXX,1370
1514,MDXIV
2083,MMLXXXIII
DCCCXXV,825
1153,MCLIII
MMCLXXI,2171
MCDXXX,1430
1228,MCCXXVIII
2124,MMCXXIV
MCXI,1111
MMDCCCLXXX,2880
2205,MMCCV
1868,MDCCCLXVIII
CMLII,952
1011,MXI
1523,MDXXIII
XIX,19
MMDCCXCV,2795
1016,MXVI
859,DCCCLIX
MMLXXXIII,2083
MMDLXXXIII,2583
1667,MDCLXVII
CCLXVII,267
1854,MDCCCLIV
CII,102
91,XCI
MCDXIII,1413
2140,MMCXL
1866,MDCCCLXVI
2498,MMCDXCVIII
DXCIV,594
CCXX,220
CCCLXXIII,373
DCLXIV,664
377,CCCLXXVII
38,XXXVIII
CCLXV,265
MDCCCLXXIV,1874
CMXLIX,949
DCXV,615
1981,MCMLXXXI
MMCCLXXVIII,2278
657,DCLVII
2251,MMCCLI
MMCLI,2151
MMDCCXLVIII,2748
MCLV,1155
110,CX
CCXLV,245
2050,MML
MCDXXXVIII,1438
1795,MDCCXCV
MDII,1502
MMDCCCXCI,2891
1910,MCMX
MLII,1052
2363,MMCCCLXIII
1704,MDCCIV
1273,MCCLXXIII
MMCCCLXXXV,2385
MDCXLV,1645
MDCLXXIV,1674
166,CLXVI
MDCCIV,1704
MCCLXXXVI,1286
1042,MXLII
DCXI,611
CCLXXVII,277
MMDCCXLIV,2744
MMXLII,2042
2655,MMDCLV
CDXVII,417
MMDCCCXVII,2817
2746,MMDCCXLVI
1267,MCCLXVII
MCDLXXXIV,1484
1777,MDCCLXXVII
7,VII
MCLXVII,1167
2330,MMCCCXXX
1215,MCCXV
2720,MMDCCXX
MMDLV,2555
1930,MCMXXX
1634,MDCXXXIV
202,CCII
MMCCXIV,2214
MCMI,1901
2590,MMDXC
CCCLXXVII,377
MDCCLXXIX,1779
XLIV,44
2936,MMCMXXXVI
DCCCLIX,859
1363,MCCCLXIII
509,DIX
1322,MCCCXXII
2285,MMCCLXXXV
532,DXXXII
MDXCVII,1597
MMDXCII,2592
MDXLII,1542
MMCXXX,2130
MMDCCXXIV,2724
394,CCCXCIV
MM,2000
1319,MCCCXIX
iiYH88HH       ,ERROR
MMCMLXXX,2980
690,DCXC
DXIV,514
1458,MCDLVIII
864,DCCCLXIV
2047,MMXLVII
CMII,902
2459,MMCDLIX
MMDL,2550
Cm,900
CDXXXII,432
426,CDXXVI
634,DCXXXIV
MDCCCLXXXIII,1883
1133,MCXXXIII
2127,MMCXXVII
2611,MMDCXI
MMCML,2950
CLII,152
CDXLIII,443
393,CCCXCIII
DCCXIV,714
LIX,59
MCLXI,1161
2021,MMXXI
MCCCXXXIII,1333
964,CMLXIV
2593,MMDXCIII
MXXVIII,1028
,ERROR
263,CCLXIII
2192,MMCXCII
2470,MMCDLXX
549,DXLIX
CCX,210
CDXLVIII,448
398,CCCXCVIII
MCXCII,1192
1383,MCCCLXXXIII
2131,MMCXXXI
MCXIV,1114
1823,MDCCCXXIII
MMCMLIV,2954
2152,MMCLII
291,CCXCI
LXXXIV,84
MMDCCCXIII,2813
1253,MCCLIII
MMDCCLXII,2762
2849,MMDCCCXLIX
CDXX,420
MMCMXXXV,2935
363,CCCLXIII
2443,MMCDXLIII
MDIV,1504
313,CCCXIII
MCCX,1210
CCCVI,306
CCCXII,312
CXXXI,131
DCXXXIII,633
1209,MCCIX
MMCXIII,2113
DXXIV,524
MMDCCLXXVI,2776
308,CCCVIII
968,CMLXVIII
543,DXLIII
233,CCXXXIII
MDCCCLXVII,1867
DLXI,561
MCLXXIV,1174
MCMLXXXVII,1987
MMDXXIX,2529
828,DCCCXXVIII
DCCCXI,811
1931,MCMXXXI
MLXII,1062
MMCCLXVI,2266
MMCL,2150
2576,MMDLXXVI
136,CXXXVI
MCMXXXV,1935
MMDCXXIV,2624
MMCLIX,2159
2858,MMDCCCLVIII
MDCCCXLI,1841
DXXII,522
648,DCXLVIII
LXXXII,82
2683,MMDCLXXXIII
1030,MXXX
MCCCLX,1360
XL,40
--34,ERROR
MMDCCLXI,2761
1869,MDCCCLXIX
2194,MMCXCIV
MMCMIX,2909
MMCMXXXI,2931
2702,MMDCCII
MMDLVIII,2558
MCXIII,1113
MMCDLXXIII,2473
MCXXXVI,1136
MCMLVIII,1958
MCCLXXVII,1277
MCMXXIII,1923
579,DLXXIX
2007,MMVII
1009,MIX
CCLXXXIX,289
MMDCC,2700
802,DCCCII
2118,MMCXVIII
MIX,1009
MCCLX,1260
XXXII,32
MCCCLXXI,1371
DCCLXXXI,781
CCCXLV,345
43,XLIII
MMCDLXV,2465
2918,MMCMXVIII
2955,MMCMLV
MMLXIV,2064
MCCCXLVII,1347
MMCXXXV,2135
2737,MMDCCXXXVII
781,DCCLXXXI
MMDCCCXCVI,2896
MMDCCCII,2802
MCXC,1190
2103,MMCIII
XX,20
2078,MMLXXVIII
2703,MMDCCIII
MCCLVI,1256
DCCCLXXXV,885
DCXXXII,632
MMDCCXXXI,2731
DCCCXX,820
1822,MDCCCXXII
MMLXVII,2067
MMDCVI,2606
2229,MMCCXXIX
MCCXXXII,1232
71,LXXI
MMDCXXVI,2626
649,DCXLIX
2187,MMCLXXXVII
1623,MDCXXIII
MMDLII,2552
1244,MCCXLIV
1462,MCDLXII
CM,900
1805,MDCCCV
MMCMLVIII,2958
MMDCCCXLIX,2849
2012,MMXII
MDCCXXXV,1735
1287,MCCLXXXVII
MDCCLXXV,1775
MMDCXCIX,2699
1435,MCDXXXV
DCCLXVII,767
MCLXXXII,1182
841,DCCCXLI
CCXXII,222
988,CMLXXXVIII
2572,MMDLXXII
955,CMLV
MMDCCCXLVIII,2848
MMCLXVI,2166
DXCVIII,598
 2345 ,MMCCCXLV
MMCCCXLIV,2344
DCCLXXXIV,784
1534,MDXXXIV
XCVI,96
MMCMXVII,2917
1156,MCLVI
132,CXXXII
2962,MMCMLXII
2804,MMDCCCIV
MMCMLXVI,2966
2387,MMCCCLXXXVII
XXVII,27
582,DLXXXII
MMCMLXXXVIII,2988
MCCCLXXXIV,1384
2048,MMXLVIII
MMCDLIV,2454
CCCXLIV,344
CCCXXVII,327
CMXXXIII,933
MCXXII,1122
425,CDXXV
MMCXXXVI,2136
MMDCCCLXXXV,2885
523,DXXIII
MMCCCLXXVI,2376
1373,MCCCLXXIII
MDCLXII,1662
1986,MCMLXXXVI
2810,MMDCCCX
2371,MMCCCLXXI
MXVII,1017
355,CCCLV
MMCDVII,2407
CMXLVIII,948
1155,MCLV
2150,MMCL
MDCCC,1800
CCCXV,315
1517,MDXVII
1051,MLI
797,DCCXCVII
148,CXLVIII
405,CDV
MMDCLXIX,2669
DXLIII,543
MDCCLI,1751
MMDCLXXII,2672
MMDCCXLIII,2743
MCMXLVII,1947
DCCXVIII,718
1066,MLXVI
XXXIII,33
2856,MMDCCCLVI
1940,MCMXL
CXXVII,127
1338,MCCCXXXVIII
1701,MDCCI
2402,MMCDII
MCCLVII,1257
DCXVI,616
778,DCCLXXVIII
DCCXV,715
910,CMX
MDXXVI,1526
1004,MIV
CMX,910
MMCCLVI,2256
1361,MCCCLXI
2202,MMCCII
MMCCCXXIX,2329
MDLXXIII,1573
MCLXXV,1175
CCCXCI,391
MDCXXVIII,1628
1691,MDCXCI
DLXXXVIII,588
891,DCCCXCI
474,CDLXXIV
MMDLXXXII,2582
2567,MMDLXVII
2617,MMDCXVII
MMCLXVII,2167
MCCLXIII,1263
MDCCLXI,1761
723,DCCXXIII
1607,MDCVII
2528,MMDXXVIII
2814,MMDCCCXIV
1680,MDCLXXX
MDCXXXIII,1633
2944,MMCMXLIV
1198,MCXCVIII
1727,MDCCXXVII
2589,MMDLXXXIX
2845,MMDCCCXLV
2151,MMCLI
2467,MMCDLXVII
,ERROR
MMDLXXI,2571
395,CCCXCV
334,CCCXXXIV
MMDCLXIII,2663
616,DCXVI
1053,MLIII
MDCXLII,1642
CCXCVII,297
DCXIII,613
125,CXXV
DLIX,559
XLI,41
CDLXXXVII,487
CDXXXVII,437
1308,MCCCVIII
DCCCLXXXVIII,888
MCDLXXIII,1473
CCCLXIX,369
524,DXXIV
2145,MMCXLV
529,DXXIX
MDCCCXCI,1891
1510,MDX
MMDCXII,2612
2835,MMDCCCXXXV
484,CDLXXXIV
MMXXX,2030
2307,MMCCCVII
MMCLVI,2156
CMXCVI,996
MMCCVII,2207
MDCLI,1651
1491,MCDXCI
MMCCXCVIII,2298
145,CXLV
MCMLXXVII,1977
MCCC,1300
2270,MMCCLXX
2394,MMCCCXCIV
MMDXXX,2530
MLXV,1065
687,DCLXXXVII
MMDC,2600
DCCCXC,890
1172,MCLXXII
CDLXXVI,476
2130,MMCXXX
1212,MCCXII
MCIX,1109
287,CCLXXXVII
2478,MMCDLXXVIII
680,DCLXXX
2044,MMXLIV
1076,MLXXVI
206,CCVI
375,CCCLXXV
2255,MMCCLV
MMCXXI,2121
DCLXXXVIII,688
MMCDLXXXII,2482
2373,MMCCCLXXIII
2077,MMLXXVII
2040,MMXL
1522,MDXXII
1789,MDCCLXXXIX
MDXXXVI,1536
1787,MDCCLXXXVII
714,DCCXIV
DCCIX,709
1117,MCXVII
MMDCCXIX,2719
DCCXLVII,747
159,CLIX
MDCCCXXXI,1831
XXXVI,36
DCCCLV,855
2921,MMCMXXI
MDCXCIII,1693
MMCMXXVII,2927
MCDLVII,1457
MMCCCLXXX,2380
2170,MMCLXX
2846,MMDCCCXLVI
1348,MCCCXLVIII
MDXXXI,1531
MCMXXVII,1927
MMCMXXVIII,2928
461,CDLXI
2493,MMCDXCIII
1389,MCCCLXXXIX
2195,MMCXCV
396,CCCXCVI
CMLXVIII,968
1167,MCLXVII
MCCCXCIV,1394
MCCCXLIII,1343
2030,MMXXX
935,CMXXXV
1093,MXCIII
2278,MMCCLXXVIII
2177,MMCLXXVII
1317,MCCCXVII
1889,MDCCCLXXXIX
MMCCLXXXIX,2289
CMIII,903
1311,MCCCXI
93,XCIII
MCCVI,1206
CMLXX,970
DCCCLXIII,863
1438,MCDXXXVIII
MMCDXXXVIII,2438
MCDLXIV,1464
2915,MMCMXV
MMDCCLXVII,2767
786,DCCLXXXVI
MDCCXCII,1792
1537,MDXXXVII
1302,MCCCII
1387,MCCCLXXXVII
MDCCXCV,1795
113,CXIII
MCCXC,1290
MDCCCXCIII,1893
229,CCXXIX
1573,MDLXXIII
MCMXIV,1914
606,DCVI
CDIX,409
1512,MDXII
2438,MMCDXXXVIII
1798,MDCCXCVIII
MMCMXXIV,2924
MMCMXLI,2941
2575,MMDLXXV
2716,MMDCCXVI
2974,MMCMLXXIV
DCL,650
DCLXX,670
MMLXXXV,2085
737,DCCXXXVII
DCLX,660
MMDXLIV,2544
MCCCXIX,1319
167,CLXVII
DCCXCIV,794
4,IV
2461,MMCDLXI
DLXIII,563
699,DCXCIX
MCCCLXV,1365
2971,MMCMLXXI
CCCLVIII,358
MCCCLXXXVIII,1388
2037,MMXXXVII
2458,MMCDLVIII
DCCLXXI,771
744,DCCXLIV
2227,MMCCXXVII
2235,MMCCXXXV
1236,MCCXXXVI
189,CLXXXIX
2829,MMDCCCXXIX
1769,MDCCLXIX
1213,MCCXIII
2987,MMCMLXXXVII
DCXCVIII,698
DCCCXLI,841
1548,MDXLVIII
MMCXXXVII,2137
2411,MMCDXI
1106,MCVI
CDXXXIX,439
2704,MMDCCIV
MMCCXXXIII,2233
1719,MDCCXIX
CDXII,412
99,XCIX
2460,MMCDLX
2965,MMCMLXV
2453,MMCDLIII
14,XIV
MMDCCCXCIV,2894
2088,MMLXXXVIII
DCCCLXII,862
350,CCCL
2451,MMCDLI
2210,MMCCX
CLXV,165
2523,MMDXXIII
CMLVI,956
CMXXVI,926
DCCCLVI,856
MMCCCLXVI,2366
MMDCCCXCV,2895
iii,3
1188,MCLXXXVIII
XLIII,43
MDCCXXIV,1724
MMCCCXLV,2345
MMDCCXCIII,2793
MMDCXXII,2622
795,DCCXCV
MDCCCXC,1890
MCDXXIII,1423
M,1000
MMCXLI,2141
601,DCI
2825,MMDCCCXXV
2911,MMCMXI
MMCCXLVI,2246
1894,MDCCCXCIV
MCMIII,1903
MCCCXLIV,1344
2322,MMCCCXXII
1207,MCCVII
2923,MMCMXXIII
356,CCCLVI
597,DXCVII
MMDCCCLXXXVIII,2888
CCLXXXIII,283
1542,MDXLII
MMCCLXXVII,2277
2879,MMDCCCLXXIX
MMDCCCLXVI,2866
2517,MMDXVII
1323,MCCCXXIII
1295,MCCXCV
702,DCCII
1385,MCCCLXXXV
MDCX,1610
1901,MCMI
1793,MDCCXCIII
2529,MMDXXIX
359,CCCLIX
13,XIII
174,CLXXIV
DCLXI,661
1346,MCCCXLVI
CMXXV,925
1877,MDCCCLXXVII
665,DCLXV
79,LXXIX
954,CMLIV
1603,MDCIII
1260,MCCLX
2045,MMXLV
MDLV,1555
2134,MMCXXXIV
MDCCXXIII,1723
1183,MCLXXXIII
MLXXXVI,1086
MMDCCCXIX,2819
MCCLXXI,1271
MDCCCXL,1840
MMDCLXXVI,2676
MCCXLVI,1246
MCCXLIII,1243
2964,MMCMLXIV
1914,MCMXIV
1059,MLIX
MCCXXX,1230
1131,MCXXXI
2756,MMDCCLVI
CCCXVI,316
MCCXXXIX,1239
DLXXXVI,586
2284,MMCCLXXXIV
MMDXXIV,2524
2774,MMDCCLXXIV
CCCIII,303
804,DCCCIV
2764,MMDCCLXIV
1800,MDCCC
MMCMLXV,2965
LXXXVI,86
911,CMXI
CDLVII,457
MMCCCXXII,2322
2837,MMDCCCXXXVII
1141,MCXLI
CCL,250
MCCCLVII,1357
2657,MMDCLVII
CMLXXIII,973
1650,MDCL
2860,MMDCCCLX
MMCMXVI,2916
MCCCXXXIV,1334
239,CCXXXIX
531,DXXXI
1492,MCDXCII
MMCCCXCI,2391
2560,MMDLX
1566,MDLXVI
2909,MMCMIX
265,CCLXV
1424,MCDXXIV
MMCCCXXXII,2332
MDCCLXVIII,1768
DCCXLVI,746
CCCXX,320
2844,MMDCCCXLIV
MMXLIV,2044
2291,MMCCXCI
MDCCLXXXVII,1787
MMXXII,2022
344,CCCXLIV
960,CMLX
2474,MMCDLXXIV
2650,MMDCL
CDLII,452
338,CCCXXXVIII
2256,MMCCLVI
CDLXVII,467
MMCCCXCII,2392
DXLI,541
CMLIV,954
2238,MMCCXXXVIII
DCCCLXXXIV,884
MCMXCVII,1997
CLXIII,163
832,DCCCXXXII
2410,MMCDX
928,CMXXVIII
2139,MMCXXXIX
MMDCXXXVIII,2638
2606,MMDCVI
MMCCLXXV,2275
CCLXXXVII,287
MMCDL,2450
MDCCCXXX,1830
1195,MCXCV
329,CCCXXIX
78,LXXVIII
2642,MMDCXLII
MMDCCCXC,2890
CCCV,305
MXLIX,1049
1417,MCDXVII
1815,MDCCCXV
CMLXIX,969
741,DCCXLI
MMDCCCLXXVIII,2878
MMDCCLVIII,2758
1060,MLX
2768,MMDCCLXVIII
MMDCLXXXII,2682
DCXLVII,647
MMDCCXVIII,2718
MMCDXXIX,2429
2426,MMCDXXVI
2317,MMCCCXVII
1728,MDCCXXVIII
1577,MDLXXVII
2169,MMCLXIX
735,DCCXXXV
MMCCXXIX,2229
MCCCXXVI,1326
1316,MCCCXVI
MMDLXXXVII,2587
CDXCIV,494
MCCCX,1310
MMDCCCI,2801
2537,MMDXXXVII
MMDCCCLXXXII,2882
MCDLIII,1453
MDCCLIII,1753
624,DCXXIV
CCCII,302
CMVIII,908
MMCV,2105
874,DCCCLXXIV
1664,MDCLXIV
MCDXXIX,1429
CCCXXXVII,337
784,DCCLXXXIV
776,DCCLXXVI
MMXCI,2091
MCCI,1201
2605,MMDCV
2788,MMDCCLXXXVIII
MMDCCCXXIX,2829
2296,MMCCXCVI
MMDCCCLVII,2857
2692,MMDCXCII
MMDCLXXVIII,2678
2739,MMDCCXXXIX
MMXII,2012
CDLXXVIII,478
1095,MXCV
CCCLXXXII,382
2046,MMXLVI
640,DCXL
MCIII,1103
MMXCIX,2099
2922,MMCMXXII
DCXXII,622
1761,MDCCLXI
2214,MMCCXIV
1990,MCMXC
MMCLII,2152
747,DCCXLVII
MMDXVII,2517
1630,MDCXXX
MMCMLXXVII,2977
MCCCXXVII,1327
1039,MXXXIX
DV,505
196,CXCVI
MMDCCCXLV,2845
MCMXXXVIII,1938
33,XXXIII
2886,MMDCCCLXXXVI
111,CXI
MDCCCXCVII,1897
275,CCLXXV
MMCIX,2109
2203,MMCCIII
767,DCCLXVII
MXXXV,1035
500,D
2668,MMDCLXVIII
MDCCLXXXII,1782
MDCCCXV,1815
2198,MMCXCVIII
799,DCCXCIX
MMCDXCVIII,2498
CCCLXX,370
2243,MMCCXLIII
DCCCXXXIX,839
MCDLXII,1462
MDCCCLXVIII,1868
MCMXCIII,1993
MDCCCXXXVIII,1838
MCXVIII,1118
19,XIX
848,DCCCXLVIII
803,DCCCIII
MMCXLVII,2147
627,DCXXVII
951,CMLI
1897,MDCCCXCVII
MCCLXVII,1267
1964,MCMLXIV
DLXXI,571
MMCCCXXVI,2326
MMCXXIII,2123
1052,MLII
MMCCXXIII,2223
613,DCXIII
2710,MMDCCX
1651,MDCLI
2111,MMCXI
MDCCCLXXXVIII,1888
2264,MMCCLXIV
515,DXV
MMCCCLXXXIII,2383
DCCXX,720
2162,MMCLXII
1,I
CMXXXI,931
1279,MCCLXXIX
DCCCLXXXIII,883
1451,MCDLI
1276,MCCLXXVI
MCXXXIX,1139
MCCCXCIX,1399
2223,MMCCXXIII
1921,MCMXXI
CMLXVI,966
MIII,1003
508,DVIII
1376,MCCCLXXVI
1508,MDVIII
MMCMLXXXVI,2986
2337,MMCCCXXXVII
  vi,6
MDCCLXXXIV,1784
DCCXCVIII,798
MMXCIV,2094
MMCLXXXIX,2189
MMDCCXCVIII,2798
600,DC
17,XVII
MDCCXV,1715
2538,MMDXXXVIII
MCCCLV,1355
MCXIX,1119
1526,MDXXVI
MMDLI,2551
895,DCCCXCV
2031,MMXXXI
DCCXXXVI,736
MMDCCXLII,2742
2779,MMDCCLXXIX
MDX,1510
2221,MMCCXXI
1820,MDCCCXX
639,DCXXXIX
DCCCXII,812
1532,MDXXXII
1955,MCMLV
2051,MMLI
DII,502
1054,MLIV
1504,MDIV
CCXLIV,244
MMDCXXIII,2623
573,DLXXIII
669,DCLXIX
MCCXCV,1295
559,DLIX
505,DV
MDXXIV,1524
1283,MCCLXXXIII
2036,MMXXXVI
DCCXL,740
,ERROR
MMCCCLX,2360
CXI,111
742,DCCXLII
MDCXVII,1617
CCCXXVIII,328
1229,MCCXXIX
MCDLXXVIII,1478
1683,MDCLXXXIII
158,CLVIII
92,XCII
MCCLXII,1262
MCXXXVIII,1138
CMXVIII,918
2382,MMCCCLXXXII
MDLXXXVIII,1588
2063,MMLXIII
2975,MMCMLXXV
MDCLXXXIX,1689
2209,MMCCIX
873,DCCCLXXIII
MMCCCXV,2315
868,DCCCLXVIII
XI,11
CCCLXXXIX,389
MMCCLXXXIII,2283
MCCXXI,1221
389,CCCLXXXIX
DCIV,604
1912,MCMXII
MMDCCCV,2805
599,DXCIX
MMCCCLXXVII,2377
2405,MMCDV
MDCLXIII,1663
1502,MDII
73,LXXIII
1609,MDCIX
CCLV,255
2725,MMDCCXXV
1835,MDCCCXXXV
1351,MCCCLI
1170,MCLXX
MMDCCLIX,2759
DCCLXXXVII,787
2867,MMDCCCLXVII
1992,MCMXCII
2813,MMDCCCXIII
MDXXXII,1532
MCLXXXVI,1186
MCMIV,1904
MCDV,1405
413,CDXIII
DCCXIX,719
2967,MMCMLXVII
MMCCC,2300
MCCIII,1203
LXXVII,77
969,CMLXIX
10,X
MCDXCII,1492
DIV,504
1538,MDXXXVIII
865,DCCCLXV
DLIII,553
MXLIII,1043
CMXXXVI,936
MMDVII,2507
2646,MMDCXLVI
256,CCLVI
1005,MV
149,CXLIX
MLXXII,1072
DCCCXVIII,818
1461,MCDLXI
MDCXC,1690
152,CLII
2032,MMXXXII
MMDCXXXIX,2639
DLXXVIII,578
MMCMXXV,2925
MMCCLVII,2257
1388,MCCCLXXXVIII
CDL,450
MMCMII,2902
332,CCCXXXII
MMV,2005
227,CCXXVII
MDCCLXVII,1767
MMCLXXIII,2173
CCCXCVI,396
MMDCCCLXXXI,2881
MCMLXII,1962
MMLXXXI,2081
MXXX,1030
1007,MVII
MMDCLXXXIX,2689
MMCDXLIII,2443
576,DLXXVI
MCMLXV,1965
1592,MDXCII
MMCCCXIX,2319
MDCCCVIII,1808
LXIV,64
MMDCCXVI,2716
CCXCIV,294
MDCCLXXXVI,1786
MMDCCCXXV,2825
1020,MXX
XXX,30
1140,MCXL
MLVIII,1058
CDIV,404
MMDCCLXXXII,2782
DCCCXLIII,843
1693,MDCXCIII
MCCLXIV,1264
MCMVI,1906
CX,110
1631,MDCXXXI
2636,MMDCXXXVI
  c  ,100
DCCLI,751
1682,MDCLXXXII
2064,MMLXIV
DCCV,705
368,CCCLXVIII
2074,MMLXXIV
855,DCCCLV
MDCCXXII,1722
MDCCXI,1711
CXCVI,196
1946,MCMXLVI
2072,MMLXXII
CDLIII,453
2938,MMCMXXXVIII
318,CCCXVIII
190,CXC
MMDCXVI,2616
MMLXXXII,2082
2165,MMCLXV
67,LXVII
MMCXCV,2195
2556,MMDLVI
MDCCCLXXIII,1873
2822,MMDCCCXXII
CXLI,141
MDI,1501
MMCCCXL,2340
2376,MMCCCLXXVI
2907,MMCMVII
2893,MMDCCCXCIII
1982,MCMLXXXII
MMCDLVIII,2458
MCDI,1401
707,DCCVII
DCXXVI,626
2304,MMCCCIV
2028,MMXXVIII
MXLVII,1047
MDCCXLII,1742
DVII,507
2941,MMCMXLI
DCCCXXXIV,834
1447,MCDXLVII
DCCCXL,840
2878,MMDCCCLXXVIII
2359,MMCCCLIX
1908,MCMVIII
MMCVII,2107
MMCDLXX,2470
MMCCCXXXVIII,2338
506,DVI
282,CCLXXXII
MMCCXXXII,2232
MDCLXIX,1669
CMXXXVII,937
DLI,551
1923,MCMXXIII
2665,MMDCLXV
MMCLX,2160
2743,MMDCCXLIII
MMCCCLXXXVII,2387
CDLXXIII,473
MMCMXLIV,2944
MCDLXXXVII,1487
DLXXXIV,584
2087,MMLXXXVII
1396,MCCCXCVI
260,CCLX
1113,MCXIII
MMCDXXXIX,2439
5,V
2658,MMDCLVIII
2950,MMCML
MMDCCCXXXVII,2837
MMLXVIII,2068
1479,MCDLXXIX
MMDCCXCIX,2799
MMCDXCIV,2494
MMCLXII,2162
MMCLXV,2165
424,CDXXIV
2578,MMDLXXVIII
2818,MMDCCCXVIII
MMCLV,2155
CCCXCIII,393
MDCLXXXI,1681
2398,MMCCCXCVIII
MMM,3000
2345,MMCCCXLV
CMXCI,991
MLV,1055
MDLXI,1561
1147,MCXLVII
1962,MCMLXII
1753,MDCCLIII
1924,MCMXXIV
MCXXVI,1126
CXCIII,193
MLXXV,1075
MCLXXX,1180
MCCCXLVI,1346
1191,MCXCI
1384,MCCCLXXXIV
2545,MMDXLV
CCVI,206
596,DXCVI
MMDXLVII,2547
2196,MMCXCVI
636,DCXXXVI
2488,MMCDLXXXVIII
MMCCCXCIX,2399
2616,MMDCXVI
MDCCLVII,1757
2834,MMDCCCXXXIV
1671,MDCLXXI
1184,MCLXXXIV
LXVIII,68
MMCCCLXXIV,2374
C,100
MMDXVI,2516
157,CLVII
2208,MMCCVIII
MCCCVI,1306
DCCLXVI,766
755,DCCLV
MCXLIV,1144
MCDXXVI,1426
MMCLXIII,2163
DVIII,508
MMDCLXVII,2667
MDCCXVI,1716
MMDXXVI,2526
MCDLXXXII,1482
MCDXXXIX,1439
MCCCVIII,1308
2647,MMDCXLVII
DCCLXXXV,785
2966,MMCMLXVI
2257,MMCCLVII
2584,MMDLXXXIV
MDCCCLXII,1862
MMCDLXXV,2475
CLI,151
2871,MMDCCCLXXI
2468,MMCDLXVIII
DCLI,651
2884,MMDCCCLXXXIV
XCV,95
418,CDXVIII
1604,MDCIV
MCLXXXVIII,1188
70,LXX
MDCIV,1604
1774,MDCCLXXIV
1829,MDCCCXXIX
1040,MXL
1456,MCDLVI
1103,MCIII
MMDCCCX,2810
CDXI,411
563,DLXIII
1568,MDLXVIII
CDLXXVII,477
2062,MMLXII
MDCLXXVIII,1678
DCLVIII,658
MCCCLXXV,1375
XII,12
2166,MMCLXVI
1767,MDCCLXVII
MCCXV,1215
311,CCCXI
MMDCLXI,2661
MXCVI,1096
CXII,112
771,DCCLXXI
1949,MCMXLIX
386,CCCLXXXVI
632,DCXXXII
8,VIII
1096,MXCVI
MMCD,2400
XXXIX,39
440,CDXL
CL,150
MCDXXVII,1427
MMCXVIII,2118
MMXXIII,2023
MMCLXXXVI,2186
2675,MMDCLXXV
DCX,610
340,CCCXL
CCLVI,256
MCMLXI,1961
CMIX,909
MCI,1101
1833,MDCCCXXXIII
1788,MDCCLXXXVIII
CMLXXII,972
DCXCVI,696
1431,MCDXXXI
MMXXVIII,2028
MDXXXVII,1537
MCXII,1112
277,CCLXXVII
292,CCXCII
MMDCCCLXXXVI,2886
2631,MMDCXXXI
2201,MMCCI
1119,MCXIX
CCCLXXXVII,387
MMDCCXXV,2725
126,CXXVI
MCDXLV,1445
CCCLX,360
1429,MCDXXIX
MCLVI,1156
CLIV,154
2324,MMCCCXXIV
DXXXII,532
492,CDXCII
MLXXXI,1081
1185,MCLXXXV
MMDCXL,2640
2502,MMDII
MCDLIX,1459
MDCCXXX,1730
1314,MCCCXIV
2480,MMCDLXXX
2977,MMCMLXXVII
MMCXL,2140
CXC,190
586,DLXXXVI
MXC,1090
CXLVI,146
2039,MMXXXIX
MCMLXXXIX,1989
2715,MMDCCXV
2179,MMCLXXIX
1565,MDLXV
2269,MMCCLXIX
2375,MMCCCLXXV
2081,MMLXXXI
1002,MII
MDCCCXXXIX,1839
CMLXXX,980
MMCMXXXII,2932
2957,MMCMLVII
948,CMXLVIII
MDCCCXXXVII,1837
vi,6
DCXXXVII,637
MDXLVII,1547
2226,MMCCXXVI
518,DXVIII
1294,MCCXCIV
MCCCXII,1312
MMXXXVIII,2038
1658,MDCLVIII
MMDX,2510
MMCMXVIII,2918
2096,MMXCVI
MMCDXLIV,2444
733,DCCXXXIII
MMDCCCLXXII,2872
2677,MMDCLXXVII
MDCLXVII,1667
322,CCCXXII
2509,MMDIX
MMCDLXIX,2469
100,C
MMCCLXI,2261
603,DCIII
MLXXIV,1074
CXL,140
1392,MCCCXCII
2802,MMDCCCII
1694,MDCXCIV
,ERROR
860,DCCCLX
1648,MDCXLVIII
2546,MMDXLVI
MCLVII,1157
IV,4
1818,MDCCCXVIII
CCCXLI,341
2574,MMDLXXIV
545,DXLV
MMDCCLXXXIII,2783
MMCCLVIII,2258
MMCDXLV,2445
1847,MDCCCXLVII
1714,MDCCXIV
1956,MCMLVI
1145,MCXLV
  c  ,100
906,CMVI
MMCCXXI,2221
2610,MMDCX
MDCLXXII,1672
MMCMXCVIII,2998
CCCXXV,325
2535,MMDXXXV
CCCLXXV,375
2049,MMXLIX
1726,MDCCXXVI
MCXLI,1141
MMDCCLXXIV,2774
2122,MMCXXII
1898,MDCCCXCVIII
MCCCII,1302
MCMLIX,1959
MDXLVIII,1548
1189,MCLXXXIX
2104,MMCIV
MCCCXXIX,1329
974,CMLXXIV
35,XXXV
2248,MMCCXLVIII
1496,MCDXCVI
570,DLXX
1173,MCLXXIII
CCIV,204
   ,ERROR
MMCMXXXIX,2939
MLXXXIX,1089
912,CMXII
CCC,300
MMCDXVII,2417
MMCDLIII,2453
345,CCCXLV
MMCMXCII,2992
MMDCLXXXIV,2684
MCDLXXVII,1477
916,CMXVI
1419,MCDXIX
CXVII,117
304,CCCIV
DCCLXV,765
1597,MDXCVII
2378,MMCCCLXXVIII
2327,MMCCCXXVII
CMLXXI,971
MMCDIII,2403
1374,MCCCLXXIV
2123,MMCXXIII
MMDCCXCIV,2794
CDVIII,408
2080,MMLXXX
880,DCCCLXXX
2473,MMCDLXXIII
2928,MMCMXXVIII
MMDCCCLII,2852
MMVII,2007
MCXXIV,1124
MDLII,1552
DLVII,557
CCCXVII,317
MCMLXXX,1980
MMCLXX,2170
MMDCXX,2620
MMCCLII,2252
CCCVIII,308
258,CCLVIII
1160,MCLX
CDXXVIII,428
MXXVI,1026
MXLIV,1044
MCCXLV,1245
1125,MCXXV
DCCLXIII,763
2283,MMCCLXXXIII
MMCDLXXX,2480
610,DCX
MCCLI,1251
2751,MMDCCLI
472,CDLXXII
CCLXIV,264
,ERROR
MDCLXXXVIII,1688
2643,MMDCXLIII
MCMXXIV,1924
2520,MMDXX
MXCIII,1093
1200,MCC
783,DCCLXXXIII
CDXL,440
1252,MCCLII
195,CXCV
MMDCL,2650
MDCCXC,1790
296,CCXCVI
MDCXCIV,1694
2615,MMDCXV
764,DCCLXIV
DCCCLVIII,858
2308,MMCCCVIII
451,CDLI
1291,MCCXCI
2558,MMDLVIII
1111,MCXI
207,CCVII
773,DCCLXXIII
MMCMIV,2904
CCIII,203
MCCLXIX,1269
1286,MCCLXXXVI
MMCCLIX,2259
DCXXXIX,639
DCVIII,608
CDLI,451
2211,MMCCXI
MMCMXXII,2922
1329,MCCCXXIX
MMDCXCV,2695
MCCXI,1211
MMDXLVI,2546
MDXCI,1591
373,CCCLXXIII
1878,MDCCCLXXVIII
MMDV,2505
1062,MLXII
MCDXCI,1491
DCXXX,630
2276,MMCCLXXVI
MMCCLXXIV,2274
CCLXXI,271
2970,MMCMLXX
CCLIX,259
LXXII,72
MCMXXXIX,1939
2521,MMDXXI
CCCI,301
MCCXXXIV,1234
MMCDLIX,2459
663,DCLXIII
CCLXXXII,282
635,DCXXXV
MCDXXV,1425
DCCXXXII,732
MCDLXXII,1472
CCCXXX,330
MMXLVIII,2048
DCCCVI,806
MCMXLIII,1943
,ERROR
2960,MMCMLX
MDCCLXXIV,1774
1459,MCDLIX
MCDLXVIII,1468
XXII,22
MMDLXXIV,2574
571,DLXXI
2106,MMCVI
1590,MDXC
1875,MDCCCLXXV
MMCCXII,2212
280,CCLXXX
321,CCCXXI
1766,MDCCLXVI
362,CCCLXII
MCCIX,1209
CCLXXII,272
970,CMLXX
1977,MCMLXXVII
DCV,605
2809,MMDCCCIX
1468,MCDLXVIII
DXC,590
MMXXIV,2024
MMCCCXXI,2321
DCCCXLIV,844
2954,MMCMLIV
DLXIX,569
1238,MCCXXXVIII
80,LXXX
DCCXCII,792
1099,MXCIX
DCCLXXVIII,778
MDCCXLVI,1746
DXXVI,526
294,CCXCIV
CCLXX,270
2635,MMDCXXXV
LXXVI,76
MMCCLXXXIV,2284
2242,MMCCXLII
2624,MMDCXXIV
1282,MCCLXXXII
1406,MCDVI
1017,MXVII
1407,MCDVII
138,CXXXVIII
MCXLVII,1147
1100,MC
1888,MDCCCLXXXVIII
MMCCIX,2209
CDLXXXIX,489
MMCMXCV,2995
MMCXII,2112
1848,MDCCCXLVIII
viiii,9
CVIII,108
MMCCXVIII,2218
DCLIV,654
MDCII,1602
1386,MCCCLXXXVI
2108,MMCVIII
1337,MCCCXXXVII
2729,MMDCCXXIX
892,DCCCXCII
MMCDXIV,2414
MCMXVI,1916
2408,MMCDVIII
DCXCIII,693
298,CCXCVIII
MMXCII,2092
MDXIV,1514
2076,MMLXXVI
1503,MDIII
MMDCCCLXXIV,2874
675,DCLXXV
MCCLVIII,1258
1945,MCMXLV
475,CDLXXV
2782,MMDCCLXXXII
1289,MCCLXXXIX
CLXVII,167
MCDLXXXVI,1486
1146,MCXLVI
1754,MDCCLIV
1312,MCCCXII
MMCCCXIV,2314
MMCCCLXXXVI,2386
MMCCIV,2204
MMCCLXIX,2269
MMCCCL,2350
620,DCXX
214,CCXIV
MMDCCCLXXV,2875
574,DLXXIV
CDLXIII,463
2718,MMDCCXVIII
MMDCXXVII,2627
887,DCCCLXXXVII
MCXLII,1142
806,DCCCVI
DCCCXCIV,894
MMCMLXVIII,2968
CDLXI,461
MMCDLXI,2461
CCCLXXIV,374
CLXXVII,177
800,DCCC
2171,MMCLXXI
MMCDLXXXVI,2486
DXCV,595
2733,MMDCCXXXIII
MCXXXI,1131
MDXVIII,1518
2916,MMCMXVI
MMDCXCVII,2697
MMCDLXXI,2471
MCXLVIII,1148
CDXXXIII,433
CCCLXXXVI,386
2180,MMCLXXX
MCMXXII,1922
1505,MDV
MCCCLXXXIX,1389
995,CMXCV
CDXLIV,444
320,CCCXX
209,CCIX
MDCXLI,1641
MMDCCXVII,2717
351,CCCLI
2765,MMDCCLXV
487,CDLXXXVII
MXVI,1016
1972,MCMLXXII
2540,MMDXL
MMCCXXX,2230
2351,MMCCCLI
MCMXXXI,1931
DCCXC,790
MMDCCIX,2709
962,CMLXII
MCCXCII,1292
MDCCXII,1712
MMCCXCV,2295
MCCXL,1240
2649,MMDCXLIX
2734,MMDCCXXXIV
MCDXV,1415
542,DXLII
MDCXXXVI,1636
2630,MMDCXXX
2019,MMXIX
1738,MDCCXXXVIII
CCCLXXVIII,378
MMCCLX,2260
MXXI,1021
1298,MCCXCVIII
MMCCLXXII,2272
2602,MMDCII
MCDLXXXIII,1483
MCCII,1202
2942,MMCMXLII
541,DXLI
XVI,16
235,CCXXXV
875,DCCCLXXV
921,CMXXI
2129,MMCXXIX
1991,MCMXCI
MMCDXLIX,2449
MMDCLIII,2653
MCMLX,1960
MMDXXVII,2527
MDCCXCVIII,1798
1441,MCDXLI
1251,MCCLI
DIII,503
MMCCLXXVI,2276
MMCMXXXVI,2936
MMCCCLXV,2365
MMDCCCXIV,2814
1151,MCLI
CXIII,113
782,DCCLXXXII
343,CCCXLIII
2796,MMDCCXCVI
1762,MDCCLXII
975,CMLXXV
2138,MMCXXXVIII
1856,MDCCCLVI
MDCCVII,1707
1840,MDCCCXL
2709,MMDCCIX
CCXLII,242
MCXXV,1125
835,DCCCXXXV
CCCXCIX,399
MMDCCLXXIX,2779
MMDXXXVIII,2538
MCCCXXIII,1323
MCCXLII,1242
2998,MMCMXCVIII
MDCLXX,1670
MDLI,1551
MMCMLXIX,2969
1110,MCX
MMCXCVII,2197
1164,MCLXIV
MCDLVIII,1458
1926,MCMXXVI
1644,MDCXLIV
MLXXXII,1082
MMDCCXI,2711
1919,MCMXIX
160,CLX
1024,MXXIV
163,CLXIII
MMCCCIII,2303
CCCLXXIX,379
1010,MX
MMDCCXXXV,2735
MMCMLXXII,2972
MDCCXCIX,1799
MDXXIX,1529
DXXVII,527
1288,MCCLXXXVIII
863,DCCCLXIII
CMXXIX,929
DCCLVIII,758
2888,MMDCCCLXXXVIII
2429,MMCDXXIX
CCLXIII,263
2419,MMCDXIX
CDLXXXVIII,488
CCVII,207
MCMXLIV,1944
2061,MMLXI
CDXCVII,497
877,DCCCLXXVII
463,CDLXIII
450,CDL
MMDLXXXI,2581
307,CCCVII
MDCXL,1640
1257,MCCLVII
MXXXIV,1034
MCCCLXXVI,1376
DCCCLXXIX,879
MLXXX,1080
MCMLXXII,1972
MMDCCCXVI,2816
CCCLI,351
1953,MCMLIII
CMXC,990
2476,MMCDLXXVI
923,CMXXIII
MMCDXVIII,2418
1457,MCDLVII
MMCCCXXXIX,2339
MMDXCVIII,2598
LXX,70
MCCCV,1305
2659,MMDCLIX
191,CXCI
MCDLXXIV,1474
MMDCXIX,2619
1881,MDCCCLXXXI
979,CMLXXIX
MMCCXCIII,2293
DXXX,530
25,XXV
MMDCXV,2615
2435,MMCDXXXV
1539,MDXXXIX
780,DCCLXXX
1333,MCCCXXXIII
MMDCCCXXXIV,2834
290,CCXC
DLXX,570
MMDCCCXXI,2821
1336,MCCCXXXVI
1647,MDCXLVII
MCMXXV,1925
MMCMLII,2952
DLXXXIX,589
MCMLXXXI,1981
530,DXXX
184,CLXXXIV
1107,MCVII
1144,MCXLIV
MMCCCLXXV,2375
MIV,1004
DCCXLII,742
2182,MMCLXXXII
2507,MMDVII
XXXIV,34
1443,MCDXLIII
MMDCXXXIV,2634
449,CDXLIX
MMDCLXV,2665
CDLXIV,464
914,CMXIV
2265,MMCCLXV
2663,MMDCLXIII
MDCCCIX,1809
LXXXVII,87
MCDXXVIII,1428
MCCCVII,1307
MDCCLXXVIII,1778
DCCCLXXIV,874
417,CDXVII
2626,MMDCXXVI
2983,MMCMLXXXIII
CCLXXVIII,278
MCMXX,1920
CXCIX,199
MCCCXX,1320
MMDCCXCVII,2797
CCXXXVII,237
883,DCCCLXXXIII
245,CCXLV
1608,MDCVIII
MMCDXXXII,2432
MMCCX,2210
1281,MCCLXXXI
674,DCLXXIV
MMXXXVII,2037
1605,MDCV
1324,MCCCXXIV
MCXCIV,1194
CDXVI,416
2059,MMLIX
999,CMXCIX
MCCCLIII,1353
MMDLVI,2556
2156,MMCLVI
2475,MMCDLXXV
MMCMXIV,2914
1922,MCMXXII
MCCXCVI,1296
MCMXIX,1919
DXVIII,518
1697,MDCXCVII
1178,MCLXXVIII
MDCCXVIII,1718
MDLXXXVII,1587
MCCLXVI,1266
MMCDXCVI,2496
1778,MDCCLXXVIII
1380,MCCCLXXX
40,XL
MDCXXVI,1626
MMCCCLXVIII,2368
787,DCCLXXXVII
2500,MMD
2350,MMCCCL
DCCCXXIX,829
1080,MLXXX
1586,MDLXXXVI
2120,MMCXX
MDCCCXVI,1816
909,CMIX
1602,MDCII
485,CDLXXXV
1112,MCXII
2406,MMCDVI
1801,MDCCCI
459,CDLIX
DCI,601
288,CCLXXXVIII
MC,1100
MMCDLXIII,2463
251,CCLI
DCCXCVII,797
MDCLXXXIII,1683
2290,MMCCXC
MCCLXXXVIII,1288
757,DCCLVII
MDCCCLX,1860
MDCCLVIII,1758
DCCCXLV,845
CMXXVII,927
MCCCXLVIII,1348
60,LX
CCCXIX,319
XC,90
CCCLXI,361
2832,MMDCCCXXXII
MCDXI,1411
2869,MMDCCCLXIX
9,IX
528,DXXVIII
134,CXXXIV
MCII,1102
CXXI,121
MCMIX,1909
2747,MMDCCXLVII
666,DCLXVI
1409,MCDIX
399,CCCXCIX
2997,MMCMXCVII
CXXXIII,133
2920,MMCMXX
DCCXXVI,726
DCLXXXIX,689
2314,MMCCCXIV
LXV,65
419,CDXIX
CML,950
1606,MDCVI
2271,MMCCLXXI
982,CMLXXXII
MMCDXLVII,2447
2336,MMCCCXXXVI
MMCDV,2405
694,DCXCIV
1970,MCMLXX
MLXVII,1067
2719,MMDCCXIX
1269,MCCLXIX
MXXXVI,1036
1256,MCCLVI
MMDCLXII,2662
DLXII,562
MDXXV,1525
CCCLXVI,366
CVII,107
DCCCLII,852
2771,MMDCCLXXI
929,CMXXIX
MCMXLVIII,1948
CMXXIII,923
MMIII,2003
2866,MMDCCCLXVI
49,XLIX
MCMVII,1907
CLXIV,164
MDCXLVII,1647
CCCLXXXV,385
53,LIII
DCIX,609
1882,MDCCCLXXXII
MMDCLXIV,2664
CCLXXIV,274
MCCCLVIII,1358
2261,MMCCLXI
MCCLXXIX,1279
MMDCLVII,2657
MDCCCLXIV,1864
121,CXXI
MMDCCX,2710
IX,9
MMCCCLXIII,2363
DCCXI,711
MMDCIV,2604
MCDLXIX,1469
MXLVIII,1048
CCXLI,241
1022,MXXII
MMCCCXIII,2313
2563,MMDLXIII
DCCCLXVI,866
DCCCXIII,813
MDCCII,1702
42,XLII
829,DCCCXXIX
2041,MMXLI
DLXXII,572
DCCXLIII,743
MCCLXXXI,1281
1084,MLXXXIV
2857,MMDCCCLVII
MMCCCLXX,2370
1516,MDXVI
2926,MMCMXXVI
2431,MMCDXXXI
MMDLXXXV,2585
1239,MCCXXXIX
MDXV,1515
1138,MCXXXVIII
MMCCI,2201
2415,MMCDXV
2910,MMCMX
2865,MMDCCCLXV
MMDCCV,2705
MCCCXLIX,1349
1528,MDXXVIII
2354,MMCCCLIV
1299,MCCXCIX
785,DCCLXXXV
MDLXXII,1572
CCCXXIII,323
CDXV,415
1003,MIII
2319,MMCCCXIX
CMXXXIX,939
2833,MMDCCCXXXIII
MMDCCCLXXXVII,2887
DLXXXIII,583
1304,MCCCIV
1541,MDXLI
1467,MCDLXVII
2409,MMCDIX
MMCMLXXI,2971
CDLXXXIII,483
211,CCXI
412,CDXII
CCXCVI,296
XIII,13
226,CCXXVI
MCDIX,1409
2539,MMDXXXIX
1297,MCCXCVII
1400,MCD
MCCCLXVII,1367
2466,MMCDLXVI
2797,MMDCCXCVII
2425,MMCDXXV
2388,MMCCCLXXXVIII
1745,MDCCXLV
77,LXXVII
MCDLVI,1456
MMDCCCLXIX,2869
2596,MMDXCVI
MCVII,1107
MDXIII,1513
81,LXXXI
MCCCLXXII,1372
MMDCCLXXXVII,2787
MCMLXXI,1971
MMCCV,2205
540,DXL
MMCMXXXIII,2933
MMDII,2502
301,CCCI
MCMLXX,1970
MMCMIII,2903
MCLIV,1154
1533,MDXXXIII
MCCCXXXVII,1337
MMDCCCVIII,2808
MCDLXXI,1471
MCMXII,1912
CMXCVIII,998
1136,MCXXXVI
2366,MMCCCLXVI
DCLV,655
1816,MDCCCXVI
MMDCCCXLII,2842
CCCIV,304
MCCLXXXV,1285
MDCLXXXVI,1686
1250,MCCL
1203,MCCIII
MCMXXXVI,1936
2625,MMDCXXV
MMCCCXLVII,2347
MCCCLXXIV,1374
MMDCCCXXXII,2832
2033,MMXXXIII
768,DCCLXVIII
MDCCLIX,1759
2953,MMCMLIII
MDCCLII,1752
MDC,1600
MDCCCXCII,1892
950,CML
2744,MMDCCXLIV
661,DCLXI
MDCCXXXI,1731
MDCXCIX,1699
2544,MMDXLIV
MMDLXXV,2575
MCCCXCVI,1396
MMCDVIII,2408
726,DCCXXVI
1135,MCXXXV
283,CCLXXXIII
940,CMXL
732,DCCXXXII
1887,MDCCCLXXXVII
894,DCCCXCIV
MCDXCVIII,1498
DCCLXI,761
44,XLIV
1845,MDCCCXLV
1174,MCLXXIV
2972,MMCMLXXII
464,CDLXIV
2485,MMCDLXXXV
2799,MMDCCXCIX
1640,MDCXL
2352,MMCCCLII
2632,MMDCXXXII
CMXIX,919
2164,MMCLXIV
MDCCLXXXI,1781
1121,MCXXI
2006,MMVI
MCCXXVII,1227
811,DCCCXI
193,CXCIII
210,CCX
MCXXXVII,1137
MMCLXXVI,2176
MMCLXXXVII,2187
MMLX,2060
MCCLXXXIX,1289
DCCCXVI,816
CXXXVIII,138
MDCCCXLII,1842
CMLIX,959
454,CDLIV
2557,MMDLVII
MDCCCXXIII,1823
1453,MCDLIII
904,CMIV
DCCXCV,795
2695,MMDCXCV
241,CCXLI
339,CCCXXXIX
DXCIX,599
MMDCCCLVI,2856
1264,MCCLXIV
CLXXXIII,183
1165,MCLXV
1679,MDCLXXIX
447,CDXLVII
CDLIX,459
1943,MCMXLIII
1460,MCDLX
MCMLXXXIII,1983
253,CCLIII
MMCDLXXXVIII,2488
MCMLXIX,1969
2956,MMCMLVI
397,CCCXCVII
MDCXXVII,1627
CLXXIII,173
MCXVI,1116
CMLIII,953
XXXVII,37
2262,MMCCLXII
CDXCII,492
MMLXXI,2071
683,DCLXXXIII
MMCLXI,2161
MDCXXII,1622
1625,MDCXXV
651,DCLI
LXVI,66
MCMLXVIII,1968
2325,MMCCCXXV
MCCXXXIII,1233
1872,MDCCCLXXII
2613,MMDCXIII
309,CCCIX
MMCXXV,2125
2752,MMDCCLII
977,CMLXXVII
MMCXCIII,2193
MMDCCXXXIII,2733
151,CLI
     5   ,V
448,CDXLVIII
MMXCIII,2093
2594,MMDXCIV
1957,MCMLVII
1979,MCMLXXIX
1162,MCLXII
2247,MMCCXLVII
792,DCCXCII
1465,MCDLXV
827,DCCCXXVII
MDCCXL,1740
1999,MCMXCIX
MMCII,2102
476,CDLXXVI
MMCCXCII,2292
DCCCXLII,842
CI,101
MDXXXIX,1539
1562,MDLXII
MDCCXXVIII,1728
2365,MMCCCLXV
2423,MMCDXXIII
MCMLXXXVI,1986
DCCVI,706
1580,MDLXXX
MDCCX,1710
2412,MMCDXII
MCCXIX,1219
MCDXC,1490
MMCMLXXXVII,2987
183,CLXXXIII
1328,MCCCXXVIII
MLXXIX,1079
MMCMX,2910
MCCCL,1350
1763,MDCCLXIII
2135,MMCXXXV
1226,MCCXXVI
2358,MMCCCLVIII
2128,MMCXXVIII
526,DXXVI
MCCXXV,1225
1678,MDCLXXVIII
DCCCLXXIII,873
MMCCXC,2290
1488,MCDLXXXVIII
MMDCCC,2800
2167,MMCLXVII
MDCCCLI,1851
2579,MMDLXXIX
MMDXCVII,2597
CDXXVII,427
24,XXIV
1360,MCCCLX
1867,MDCCCLXVII
CLXXXIX,189
2364,MMCCCLXIV
MCMXXI,1921
CLXXXVI,186
CDLXII,462
746,DCCXLVI
2506,MMDVI
1596,MDXCVI
LX,60
CXCII,192
2258,MMCCLVIII
MMCMXLVI,2946
MCMXLVI,1946
2961,MMCMLXI
1669,MDCLXIX
2854,MMDCCCLIV
1148,MCXLVIII
LXXI,71
MDCCCLIX,1859
MDCCLXXXIII,1783
DCLXXXVI,686
1748,MDCCXLVIII
DCCLXXXVI,786
DCCLXIX,769
2385,MMCCCLXXXV
MMCDLXVI,2466
CCXVIII,218
2653,MMDCLIII
MCCL,1250
MDCCLXXXVIII,1788
X,10
MMDCCXIV,2714
MMXXXI,2031
658,DCLVIII
1216,MCCXVI
232,CCXXXII
MCCXXII,1222
1864,MDCCCLXIV
MMCCXLVII,2247
1802,MDCCCII
MMDLX,2560
692,DCXCII
MDCCLXV,1765
2293,MMCCXCIII
1598,MDXCVIII
1752,MDCCLII
1937,MCMXXXVII
CDXCVIII,498
2568,MMDLXVIII
1478,MCDLXXVIII
1958,MCMLVIII
2732,MMDCCXXXII
927,CMXXVII
MCCXLI,1241
2934,MMCMXXXIV
2847,MMDCCCXLVII
MCMXLI,1941
2530,MMDXXX
MMCCCLXXXII,2382
DXLVII,547
590,DXC
2852,MMDCCCLII
MMDXLI,2541
2450,MMCDL
2805,MMDCCCV
551,DLI
367,CCCLXVII
MMCCXXXVI,2236
MMDXLII,2542
CCXXVII,227
MLXXVIII,1078
MMCLXXXV,2185
MMCCLXXXVII,2287
MDCCCLXXXII,1882
1485,MCDLXXXV
MMCCCXCVII,2397
CCCXCII,392
2678,MMDCLXXVIII
2027,MMXXVII
MMCMLXXXV,2985
2043,MMXLIII
MMDCXLV,2645
DCCX,710
MCDXLIX,1449
1426,MCDXXVI
MMDCLXXI,2671
MMDCCXLIX,2749
CDLIV,454
667,DCLXVII
CDLV,455
MMCDXI,2411
2793,MMDCCXCIII
821,DCCCXXI
MMLXXX,2080
MMXIV,2014
1249,MCCXLIX
MDCC,1700
1115,MCXV
816,DCCCXVI
641,DCXLI
MCCLXXIII,1273
CCLII,252
1180,MCLXXX
1984,MCMLXXXIV
65,LXV
2236,MMCCXXXVI
2571,MMDLXXI
187,CLXXXVII
MXXII,1022
CCCXXXI,331
323,CCCXXIII
MCMXXXII,1932
554,DLIV
406,CDVI
MMLI,2051
MMDLXXXIV,2584
2224,MMCCXXIV
DXXXI,531
2819,MMDCCCXIX
CCXCIX,299
MDXII,1512
409,CDIX
CLXXXV,185
MDLIV,1554
MCCCLII,1352
168,CLXVIII
MDCCXLVIII,1748
583,DLXXXIII
MMCLXXVII,2177
679,DCLXXIX
1855,MDCCCLV
1472,MCDLXXII
1844,MDCCCXLIV
CCCXC,390
CMLXXXVIII,988
2754,MMDCCLIV
DCCCLXIX,869
DLIV,554
DCXX,620
1057,MLVII
MMDCI,2601
MCCXLIV,1244
436,CDXXXVI
58,LVIII
490,CDXC
1743,MDCCXLIII
CDXXX,430
CCCLV,355
DCCLIII,753
369,CCCLXIX
MMCDXVI,2416
MDLXXVI,1576
54,LIV
1652,MDCLII
1902,MCMII
1013,MXIII
1034,MXXXIV
2622,MMDCXXII
MLXIV,1064
1261,MCCLXI
DCCCXXXII,832
2212,MMCCXII
898,DCCCXCVIII
2266,MMCCLXVI
LXII,62
MLXXXV,1085
2055,MMLV
2959,MMCMLIX
1237,MCCXXXVII
MCCCXCI,1391
390,CCCXC
MMCMLXXVI,2976
1831,MDCCCXXXI
MCLXXVIII,1178
MMDCCCLI,2851
1579,MDLXXIX
324,CCCXXIV
849,DCCCXLIX
MMDCCXII,2712
MMDCCCLXIII,2863
MMDCXXXI,2631
1414,MCDXIV
1432,MCDXXXII
2357,MMCCCLVII
2637,MMDCXXXVII
2724,MMDCCXXIV
729,DCCXXIX
2,II
MDVI,1506
CCCXVIII,318
2149,MMCXLIX
MXLII,1042
MMCCXXV,2225
MDCCCXXV,1825
MMCLXXII,2172
MMCMXII,2912
2591,MMDXCI
MCDLV,1455
2627,MMDCXXVII
1927,MCMXXVII
CMXXIV,924
141,CXLI
DCCCXXIII,823
DLXVI,566
1335,MCCCXXXV
2005,MMV
2418,MMCDXVIII
2562,MMDLXII
MII,1002
MMDCCCLXV,2865
MCCLIII,1253
MMDCCLXIII,2763
1583,MDLXXXIII
DXCVI,596
146,CXLVI
DXII,512
MDXCV,1595
2246,MMCCXLVI
2100,MMC
2220,MMCCXX
MCCCLVI,1356
MMLXIII,2063
120,CXX
2481,MMCDLXXXI
DCCLXXV,775
2947,MMCMXLVII
1776,MDCCLXXVI
203,CCIII
1372,MCCCLXXII
2912,MMCMXII
2483,MMCDLXXXIII
CDLXVI,466
MMDCCCXXXI,2831
MDIX,1509
DCCCXLVIII,848
1065,MLXV
MMCMLXXIII,2973
DCCCXXIV,824
479,CDLXXIX
2432,MMCDXXXII
1852,MDCCCLII
2311,MMCCCXI
1553,MDLIII
1058,MLVIII
MMCMXXIX,2929
MMDCLXXXIII,2683
MMXXV,2025
1114,MCXIV
2158,MMCLVIII
CDXVIII,418
1696,MDCXCVI
578,DLXXVIII
MMDCCII,2702
CCLXVI,266
MDCCV,1705
491,CDXCI
DCCXXIX,729
129,CXXIX
2313,MMCCCXIII
1501,MDI
2618,MMDCXVIII
MXIX,1019
DCXLIII,643
DLVI,556
CDLXIX,469
437,CDXXXVII
1089,MLXXXIX
2778,MMDCCLXXVIII
2674,MMDCLXXIV
2824,MMDCCCXXIV
2318,MMCCCXVIII
MMXLIX,2049
1903,MCMIII
MDCCCXLVI,1846
DCCLX,760
1530,MDXXX
DCXLIV,644
949,CMXLIX
MMDLXXIII,2573
MDCCCLVIII,1858
376,CCCLXXVI
-1,ERROR
61,LXI
1025,MXXV
872,DCCCLXXII
790,DCCXC
MCDXCVII,1497
MDCCXCVI,1796
DCLXXVI,676
MMDCCCLXXXIV,2884
MMCCLXII,2262
MMLXVI,2066
1255,MCCLV
MCDXLII,1442
MCCXCVII,1297
MMDCCXLVII,2747
DCCCV,805
2679,MMDCLXXIX
MDXXXIV,1534
2901,MMCMI
414,CDXIV
453,CDLIII
XXIV,24
2711,MMDCCXI
789,DCCLXXXIX
1094,MXCIV
701,DCCI
2908,MMCMVIII
MMDCCCXXXIII,2833
1368,MCCCLXVIII
DLVIII,558
MCCCXIII,1313
1791,MDCCXCI
DXCII,592
1627,MDCXXVII
MMCXXXI,2131
2097,MMXCVII
CLIII,153
823,DCCCXXIII
2173,MMCLXXIII
446,CDXLVI
1885,MDCCCLXXXV
MMCLXXXI,2181
MMCMXLV,2945
CCXC,290
2899,MMDCCCXCIX
1711,MDCCXI
535,DXXXV
DCCCXXVI,826
MMCXXII,2122
MML,2050
1177,MCLXXVII
MCXXXV,1135
MMCCCLVII,2357
2634,MMDCXXXIV
244,CCXLIV
589,DLXXXIX
2017,MMXVII
1079,MLXXIX
926,CMXXVI
MDCCXIX,1719
DLII,552
2277,MMCCLXXVII
1379,MCCCLXXIX
CCLXII,262
2599,MMDXCIX
2919,MMCMXIX
CMXCIII,993
MCCCLXVIII,1368
CCCIX,309
305,CCCV
1828,MDCCCXXVIII
MDCLVI,1656
2553,MMDLIII
MMCCIII,2203
2052,MMLII
MMDCLXXIII,2673
1484,MCDLXXXIV
2988,MMCMLXXXVIII
2838,MMDCCCXXXVIII
644,DCXLIV
MMDXCI,2591
1936,MCMXXXVI
MMCMLXXXI,2981
MMCCLXX,2270
MMCCXLIII,2243
2057,MMLVII
431,CDXXXI
DCCXXXVIII,738
881,DCCCLXXXI
2753,MMDCCLIII
DCCXXX,730
MVII,1007
MMDCCCXXXVIII,2838
812,DCCCXII
458,CDLVIII
107,CVII
2885,MMDCCCLXXXV
861,DCCCLXI
1861,MDCCCLXI
MDCCCXXI,1821
MDCLIV,1654
2456,MMCDLVI
DLXXXVII,587
2439,MMCDXXXIX
2713,MMDCCXIII
DCCCXLVII,847
DCCCI,801
MMXXVI,2026
MMCDXXI,2421
1194,MCXCIV
462,CDLXII
2597,MMDXCVII
303,CCCIII
36,XXXVI
MCDXIX,1419
MMCMLXXXII,2982
MCLXXXVII,1187
MMCCCXX,2320
592,DXCII
DCCLXXXIX,789
MCDII,1402
CDXLVII,447
MMXLV,2045
2479,MMCDLXXIX
MCCCXC,1390
1088,MLXXXVIII
1599,MDXCIX
MMDCCXXXVIII,2738
MDXVII,1517
MMDCCXIII,2713
2883,MMDCCCLXXXIII
2133,MMCXXXIII
2113,MMCXIII
MMCCCLXXVIII,2378
564,DLXIV
374,CCCLXXIV
MCDLXX,1470
818,DCCCXVIII
MCLXXII,1172
2333,MMCCCXXXIII
497,CDXCVII
918,CMXVIII
CMXIV,914
XCIII,93
MCDLXXXIX,1489
847,DCCCXLVII
236,CCXXXVI
MDXCVIII,1598
420,CDXX
MDCLXXI,1671
MDCCXIV,1714
CXXII,122
,ERROR
MDV,1505
MMDXIX,2519
CMXXX,930
MDCXXXIV,1634
CCXIX,219
593,DXCIII
XXIX,29
DCCC,800
361,CCCLXI
MMCDXII,2412
2155,MMCLV
,ERROR
1050,ML
756,DCCLVI
2812,MMDCCCXII
1362,MCCCLXII
2881,MMDCCCLXXXI
CCCXXXIII,333
DXXXV,535
MCCLXXV,1275
457,CDLVII
1876,MDCCCLXXVI
MMVIII,2008
2403,MMCDIII
2823,MMDCCCXXIII
MDXLV,1545
MMCDLXVIII,2468
671,DCLXXI
CXCVII,197
MMDCLXX,2670
DCCCXCVIII,898
DCCLXXII,772
56,LVI
2811,MMDCCCXI
MMCCXXXI,2231
CDXXXVI,436
1698,MDCXCVIII
689,DCLXXXIX
DLXV,565
1031,MXXXI
1486,MCDLXXXVI
1846,MDCCCXLVI
MMLXXXVIII,2088
MMLIII,2053
1841,MDCCCXLI
MCXXVIII,1128
1834,MDCCCXXXIV
2698,MMDCXCVIII
1772,MDCCLXXII
1890,MDCCCXC
MCMXVIII,1918
DXVI,516
MDCCLV,1755
MMCDLXII,2462
MCXX,1120
DXCVII,597
MCCCXXXI,1331
DLXXVII,577
1104,MCIV
150,CL
2141,MMCXLI
 If g,ERROR
MMCCXXXVII,2237
1069,MLXIX
CXCVIII,198
DCCCXLVI,846
709,DCCIX
MDCCCV,1805
MCDXLVIII,1448
MMCLXIV,2164
CCCLXIII,363
MDL,1550
1074,MLXXIV
2723,MMDCCXXIII
1448,MCDXLVIII
101,CI
CMLXV,965
2930,MMCMXXX
820,DCCCXX
2640,MMDCXL
1128,MCXXVIII
MMDCCLV,2755
2598,MMDXCVIII
1917,MCMXVII
1540,MDXL
CMXLIII,943
MCMLXVII,1967
1870,MDCCCLXX
867,DCCCLXVII
MMDCCLXXXIV,2784
2577,MMDLXXVII
2547,MMDXLVII
1735,MDCCXXXV
DCLIII,653
2939,MMCMXXXIX
MMCMXC,2990
1366,MCCCLXVI
2776,MMDCCLXXVI
325,CCCXXV
CDXXXIV,434
MMDCCI,2701
1961,MCMLXI
1344,MCCCXLIV
850,DCCCL
1470,MCDLXX
MCCXCIV,1294
750,DCCL
766,DCCLXVI
MMDXV,2515
MDCLXXXIV,1684
MMDCCXCVI,2796
1029,MXXIX
2340,MMCCCXL
MMDCLIX,2659
MMCCCXLI,2341
688,DCLXXXVIII
668,DCLXVIII
1674,MDCLXXIV
CCCLXVII,367
CCXXV,225
2273,MMCCLXXIII
1993,MCMXCIII
1935,MCMXXXV
1670,MDCLXX
1710,MDCCX
MMCMLX,2960
947,CMXLVII
2101,MMCI
MDCCXXXVIII,1738
DCCXXXV,735
1168,MCLXVIII
MMCLXXXIII,2183
MCMVIII,1908
1399,MCCCXCIX
DCLIX,659
2682,MMDCLXXXII
MMDXXXVI,2536
1928,MCMXXVIII
MCDLI,1451
MMDCV,2605
DLXXIV,574
1739,MDCCXXXIX
MMDCCLXXX,2780
MMCMLXXV,2975
1271,MCCLXXI
MCMXXIX,1929
MDCCCLV,1855
743,DCCXLIII
660,DCLX
180,CLXXX
MMDCCCXLIV,2844
MCDLXXV,1475
MMCCCXVIII,2318
2946,MMCMXLVI
MMCCXLIV,2244
MMCMXIX,2919
2775,MMDCCLXXV
1449,MCDXLIX
MDCLXXIII,1673
26,XXVI
MCMXVII,1917
MDLXVIII,1568
MCXCIX,1199
1535,MDXXXV
MMDCLXXIV,2674
673,DCLXXIII
1405,MCDV
MMCCCLXII,2362
MMCDXXXV,2435
1549,MDXLIX
1677,MDCLXXVII
CCCLXXI,371
MCCXXXVI,1236
1083,MLXXXIII
MDCLXXVII,1677
1097,MXCVII
 2345 ,MMCCCXLV
654,DCLIV
2569,MMDLXIX
1585,MDLXXXV
1398,MCCCXCVIII
2989,MMCMLXXXIX
2299,MMCCXCIX
V,5
1309,MCCCIX
CMXLIV,944
DCLXV,665
1218,MCCXVIII
264,CCLXIV
2029,MMXXIX
337,CCCXXXVII
MMDCCXXXVII,2737
1695,MDCXCV
DCXCIX,699
254,CCLIV
MDCCVI,1706
MCCCLXXXII,1382
1746,MDCCXLVI
2850,MMDCCCL
DCCCVIII,808
MMCVI,2106
MMDCCXLV,2745
MDCXCVI,1696
2367,MMCCCLXVII
1175,MCLXXV
MMDLXXVII,2577
MXXXI,1031
173,CLXXIII
2670,MMDCLXX
MMDCCIV,2704
MCCCXIV,1314
MCMXL,1940
1401,MCDI
MMDLXVIII,2568
494,CDXCIV
MMDCCLXXXVIII,2788
1342,MCCCXLII
CCCXLII,342
MDCLVII,1657
MCDLX,1460
CCXXXV,235
1641,MDCXLI
CMXLVI,946
MMLV,2055
MDCCCXXII,1822
CXX,120
MCDXVI,1416
MCCCLXVI,1366
186,CLXXXVI
1555,MDLV
MMCCCLVI,2356
MMCCCLXXXVIII,2388
MMDCCCXI,2811
MCDLXXXI,1481
1061,MLXI
2204,MMCCIV
MMDCCCXXIII,2823
602,DCII
MDLIII,1553
1132,MCXXXII
DCCCXIV,814
645,DCXLV
DCCCLXVIII,868
CCCXIV,314
1041,MXLI
2071,MMLXXI
568,DLXVIII
1559,MDLIX
MMDCXLVI,2646
CCLXXV,275
CCXXXVI,236
CCLIV,254
1008,MVIII
1792,MDCCXCII
MMCLXXVIII,2178
2414,MMCDXIV
MMDCCLI,2751
2773,MMDCCLXXIII
819,DCCCXIX
392,CCCXCII
MDCLV,1655
LV,55
CMXCIX,999
2190,MMCXC
2034,MMXXXIV
82,LXXXII
3,III
1012,MXII
MDCXLIII,1643
1301,MCCCI
MMDXCV,2595
2900,MMCM
DCXXXV,635
2603,MMDCIII
MMDCCCLIX,2859
MDCXXXVII,1637
2706,MMDCCVI
319,CCCXIX
2898,MMDCCCXCVIII
MMDCXLIX,2649
MMCCXVI,2216
CCLVIII,258
DCCCLXXX,880
1208,MCCVIII
MMDLXII,2562
,ERROR
XLV,45
MMXX,2020
,ERROR
CCCLIX,359
CLXX,170
MMCCCLXXXIV,2384
MLXXI,1071
DCCCXCIII,893
1810,MDCCCX
MMCDXIII,2413
CXLVIII,148
2945,MMCMXLV
2714,MMDCCXIV
2840,MMDCCCXL
1450,MCDL
MCMXLV,1945
MDVIII,1508
2697,MMDCXCVII
CCXXVI,226
903,CMIII
DCCXCIX,799
MMX,2010
715,DCCXV
1240,MCCXL
95,XCV
CDXXIV,424
MDCCCII,1802
2648,MMDCXLVIII
112,CXII
1865,MDCCCLXV
2147,MMCXLVII
   ,ERROR
MMXXXIV,2034
2777,MMDCCLXXVII
144,CXLIV
MMCXXIX,2129
MMDCCLXIV,2764
623,DCXXIII
242,CCXLII
1749,MDCCXLIX
1430,MCDXXX
480,CDLXXX
1595,MDXCV
MMDCCCXCIX,2899
1915,MCMXV
CCXLIII,243
2312,MMCCCXII
2168,MMCLXVIII
2099,MMXCIX
2505,MMDV
1709,MDCCIX
2472,MMCDLXXII
MMCCXLIX,2249
2400,MMCD
CLXVI,166
1511,MDXI
CDVII,407
CCXCII,292
MMDCLVIII,2658
CXXXV,135
MMDCCCLX,2860
CCXCV,295
MMCLXXIX,2179
2070,MMLXX
MMDIII,2503
MMCCCXXXIV,2334
1278,MCCLXXVIII
MCDXLIII,1443
CCCLXII,362
2892,MMDCCCXCII
130,CXXX
MMXIII,2013
1067,MLXVII
,ERROR
MCCIV,1204
MMCCXI,2211
1951,MCMLI
161,CLXI
MCMLXXIV,1974
MCXCVII,1197
1620,MDCXX
CCXCVIII,298
MXVIII,1018
1182,MCLXXXII
CMLXXXV,985
MMXLVI,2046
1663,MDCLXIII
MMXVIII,2018
46,XLVI
DCXXIV,624
MCDXXXV,1435
MMLXXVII,2077
MXIII,1013
1959,MCMLIX
2381,MMCCCLXXXI
MMCXLIII,2143
MDCCCLXXVI,1876
CMLXIII,963
1733,MDCCXXXIII
CXXX,130
MMXVI,2016
MLXVIII,1068
MMDCXVIII,2618
MCCCIV,1304
2742,MMDCCXLII
MMDCCXXXII,2732
822,DCCCXXII
DCCCXCIX,899
2369,MMCCCLXIX
MDCVIII,1608
,ERROR
MCCV,1205
MMDCCCLXXIX,2879
1045,MXLV
1653,MDCLIII
1587,MDLXXXVII
MMDXLV,2545
2112,MMCXII
MMDCCLXVI,2766
2421,MMCDXXI
957,CMLVII
917,CMXVII
685,DCLXXXV
CMLX,960
MMDCXXXIII,2633
34,XXXIV
CDXLII,442
997,CMXCVII
DCCXLIV,744
MDXCIV,1594
MMCCXCVII,2297
MMCDIV,2404
2503,MMDIII
16,XVI
1811,MDCCCXI
2511,MMDXI
MCDXX,1420
215,CCXV
MMCXCIV,2194
1102,MCII
MCCXCIX,1299
2980,MMCMLXXX
2608,MMDCVIII
XCI,91
591,DXCI
MMDI,2501
1326,MCCCXXVI
MCCXIII,1213
MMCLVII,2157
MMDLXIV,2564
MDVII,1507
1654,MDCLIV
972,CMLXXII
DCLXXXIV,684
DCCCXV,815
2287,MMCCLXXXVII
MDLXV,1565
MDCXXXIX,1639
365,CCCLXV
,ERROR
DVI,506
XLVIII,48
MCDLXXVI,1476
MDCLXXIX,1679
CCCXXXVIII,338
1498,MCDXCVIII
DCCII,702
727,DCCXXVII
MMDLXXIX,2579
1657,MDCLVII
DXV,515
2783,MMDCCLXXXIII
MDCLIII,1653
1967,MCMLXVII
2188,MMCLXXXVIII
1197,MCXCVII
MDLX,1560
2368,MMCCCLXVIII
MMDCVII,2607
2889,MMDCCCLXXXIX
1082,MLXXXII
CCXXXIV,234
1231,MCCXXXI
2302,MMCCCII
DXXVIII,528
1909,MCMIX
MMDCCCXLI,2841
MCDIII,1403
DCCLXXXVIII,788
2161,MMCLXI
MMDCCCXXVI,2826
MDCCXVII,1717
MMCMVII,2907
1843,MDCCCXLIII
MCDLXVII,1467
306,CCCVI
2981,MMCMLXXXI
1494,MCDXCIV
MCXCV,1195
MMCCII,2202
2935,MMCMXXXV
CCCXXIV,324
CCCX,310
MCMLXXVI,1976
MCCXXIII,1223
CDXCV,495
MDCCCXIV,1814
 lD0,ERROR
2868,MMDCCCLXVIII
2896,MMDCCCXCVI
2348,MMCCCXLVIII
1187,MCLXXXVII
XV,15
2098,MMXCVIII
225,CCXXV
MMDCCLXV,2765
MMDLIX,2559
104,CIV
1525,MDXXV
CDXCIII,493
511,DXI
1812,MDCCCXII
2320,MMCCCXX
MMCMLXIII,2963
MDCCL,1750
CMXL,940
85,LXXXV
MMCCCLXI,2361
MMDCCXXVIII,2728
DXCIII,593
2628,MMDCXXVIII
105,CV
1063,MLXIII
MCXLIII,1143
1808,MDCCCVIII
1206,MCCVI
1214,MCCXIV
MCCCLXXIX,1379
MMDCCXLVI,2746
DCCCXVII,817
2673,MMDCLXXIII
MMLII,2052
199,CXCIX
1997,MCMXCVII
2341,MMCCCXLI
608,DCVIII
2181,MMCLXXXI
557,DLVII
DCXC,690
MCL,1150
DCCCLIII,853
1073,MLXXIII
MXCV,1095
2003,MMIII
MDLXVI,1566
1402,MCDII
XLVI,46
CCCXLIII,343
DCLXXIV,674
455,CDLV
MCCCXXXVIII,1338
MCCXLVIII,1248
MMCLXXX,2180
807,DCCCVII
MLXXIII,1073
1883,MDCCCLXXXIII
MCMLXVI,1966
1247,MCCXLVII
MDLXXI,1571
MMIV,2004
MMCXXXII,2132
798,DCCXCVIII
72,LXXII
DXLII,542
MMDCCCLXXVII,2877
978,CMLXXVIII
CCXL,240
1665,MDCLXV
1274,MCCLXXIV
MCCCLXI,1361
MMDCCCLXX,2870
MMLXXV,2075
2828,MMDCCCXXVIII
1217,MCCXVII
791,DCCXCI
2042,MMXLII
605,DCV
MXCI,1091
MCLXVI,1166
CDXIII,413
MDCCXIII,1713
MMDCLI,2651
1628,MDCXXVIII
MCCCXXXV,1335
